# JRE version: Java(TM) SE Runtime Environment (8.0_201-b09) (build 1.8.0_201-b09)
# Java VM: Java HotSpot(TM) 64-Bit Server VM (25.201-b09 mixed mode windows-amd64 compressed oops)
Heap:
 PSYoungGen      total 133120K, used 10876K [0x00000000d5f80000, 0x00000000e4880000, 0x0000000100000000)
  eden space 125440K, 3% used [0x00000000d5f80000,0x00000000d63912a0,0x00000000dda00000)
  from space 7680K, 87% used [0x00000000dda00000,0x00000000de08df40,0x00000000de180000)
  to   space 8192K, 0% used [0x00000000e4080000,0x00000000e4080000,0x00000000e4880000)
 ParOldGen       total 53248K, used 8194K [0x0000000081e00000, 0x0000000085200000, 0x00000000d5f80000)
  object space 53248K, 15% used [0x0000000081e00000,0x0000000082600bc8,0x0000000085200000)
 Metaspace       used 24153K, capacity 25188K, committed 25392K, reserved 1077248K
  class space    used 3099K, capacity 3338K, committed 3376K, reserved 1048576K
GC Heap History (10 events):
Event: 1.076 GC heap before
{Heap before GC invocations=5 (full 1):
 PSYoungGen      total 71680K, used 2800K [0x00000000d5f80000, 0x00000000daa80000, 0x0000000100000000)
  eden space 66560K, 0% used [0x00000000d5f80000,0x00000000d5f80000,0x00000000da080000)
  from space 5120K, 54% used [0x00000000da580000,0x00000000da83c010,0x00000000daa80000)
  to   space 5120K, 0% used [0x00000000da080000,0x00000000da080000,0x00000000da580000)
 ParOldGen       total 87552K, used 32K [0x0000000081e00000, 0x0000000087380000, 0x00000000d5f80000)
  object space 87552K, 0% used [0x0000000081e00000,0x0000000081e08000,0x0000000087380000)
 Metaspace       used 11512K, capacity 11860K, committed 12032K, reserved 1069056K
  class space    used 1374K, capacity 1495K, committed 1536K, reserved 1048576K
Event: 1.091 GC heap after
Heap after GC invocations=5 (full 1):
 PSYoungGen      total 71680K, used 0K [0x00000000d5f80000, 0x00000000daa80000, 0x0000000100000000)
  eden space 66560K, 0% used [0x00000000d5f80000,0x00000000d5f80000,0x00000000da080000)
  from space 5120K, 0% used [0x00000000da580000,0x00000000da580000,0x00000000daa80000)
  to   space 5120K, 0% used [0x00000000da080000,0x00000000da080000,0x00000000da580000)
 ParOldGen       total 39424K, used 2766K [0x0000000081e00000, 0x0000000084480000, 0x00000000d5f80000)
  object space 39424K, 7% used [0x0000000081e00000,0x00000000820b3be8,0x0000000084480000)
 Metaspace       used 11512K, capacity 11860K, committed 12032K, reserved 1067008K
  class space    used 1374K, capacity 1495K, committed 1536K, reserved 1048576K
}
Event: 1.391 GC heap before
{Heap before GC invocations=6 (full 1):
 PSYoungGen      total 71680K, used 66560K [0x00000000d5f80000, 0x00000000daa80000, 0x0000000100000000)
  eden space 66560K, 100% used [0x00000000d5f80000,0x00000000da080000,0x00000000da080000)
  from space 5120K, 0% used [0x00000000da580000,0x00000000da580000,0x00000000daa80000)
  to   space 5120K, 0% used [0x00000000da080000,0x00000000da080000,0x00000000da580000)
 ParOldGen       total 39424K, used 2766K [0x0000000081e00000, 0x0000000084480000, 0x00000000d5f80000)
  object space 39424K, 7% used [0x0000000081e00000,0x00000000820b3be8,0x0000000084480000)
 Metaspace       used 16625K, capacity 17192K, committed 17536K, reserved 1071104K
  class space    used 2178K, capacity 2325K, committed 2432K, reserved 1048576K
Event: 1.395 GC heap after
Heap after GC invocations=6 (full 1):
 PSYoungGen      total 71680K, used 5118K [0x00000000d5f80000, 0x00000000de880000, 0x0000000100000000)
  eden space 66560K, 0% used [0x00000000d5f80000,0x00000000d5f80000,0x00000000da080000)
  from space 5120K, 99% used [0x00000000da080000,0x00000000da57fa88,0x00000000da580000)
  to   space 6656K, 0% used [0x00000000de200000,0x00000000de200000,0x00000000de880000)
 ParOldGen       total 39424K, used 3415K [0x0000000081e00000, 0x0000000084480000, 0x00000000d5f80000)
  object space 39424K, 8% used [0x0000000081e00000,0x0000000082155c30,0x0000000084480000)
 Metaspace       used 16625K, capacity 17192K, committed 17536K, reserved 1071104K
  class space    used 2178K, capacity 2325K, committed 2432K, reserved 1048576K
}
Event: 1.555 GC heap before
{Heap before GC invocations=7 (full 1):
 PSYoungGen      total 71680K, used 40298K [0x00000000d5f80000, 0x00000000de880000, 0x0000000100000000)
  eden space 66560K, 52% used [0x00000000d5f80000,0x00000000d81db0f8,0x00000000da080000)
  from space 5120K, 99% used [0x00000000da080000,0x00000000da57fa88,0x00000000da580000)
  to   space 6656K, 0% used [0x00000000de200000,0x00000000de200000,0x00000000de880000)
 ParOldGen       total 39424K, used 3415K [0x0000000081e00000, 0x0000000084480000, 0x00000000d5f80000)
  object space 39424K, 8% used [0x0000000081e00000,0x0000000082155c30,0x0000000084480000)
 Metaspace       used 20580K, capacity 21256K, committed 21296K, reserved 1073152K
  class space    used 2682K, capacity 2859K, committed 2864K, reserved 1048576K
Event: 1.560 GC heap after
Heap after GC invocations=7 (full 1):
 PSYoungGen      total 132096K, used 5884K [0x00000000d5f80000, 0x00000000de900000, 0x0000000100000000)
  eden space 125440K, 0% used [0x00000000d5f80000,0x00000000d5f80000,0x00000000dda00000)
  from space 6656K, 88% used [0x00000000de200000,0x00000000de7bf118,0x00000000de880000)
  to   space 7680K, 0% used [0x00000000dda00000,0x00000000dda00000,0x00000000de180000)
 ParOldGen       total 39424K, used 3415K [0x0000000081e00000, 0x0000000084480000, 0x00000000d5f80000)
  object space 39424K, 8% used [0x0000000081e00000,0x0000000082155c30,0x0000000084480000)
 Metaspace       used 20580K, capacity 21256K, committed 21296K, reserved 1073152K
  class space    used 2682K, capacity 2859K, committed 2864K, reserved 1048576K
}
Event: 1.560 GC heap before
{Heap before GC invocations=8 (full 2):
 PSYoungGen      total 132096K, used 5884K [0x00000000d5f80000, 0x00000000de900000, 0x0000000100000000)
  eden space 125440K, 0% used [0x00000000d5f80000,0x00000000d5f80000,0x00000000dda00000)
  from space 6656K, 88% used [0x00000000de200000,0x00000000de7bf118,0x00000000de880000)
  to   space 7680K, 0% used [0x00000000dda00000,0x00000000dda00000,0x00000000de180000)
 ParOldGen       total 39424K, used 3415K [0x0000000081e00000, 0x0000000084480000, 0x00000000d5f80000)
  object space 39424K, 8% used [0x0000000081e00000,0x0000000082155c30,0x0000000084480000)
 Metaspace       used 20580K, capacity 21256K, committed 21296K, reserved 1073152K
  class space    used 2682K, capacity 2859K, committed 2864K, reserved 1048576K
Event: 1.582 GC heap after
Heap after GC invocations=8 (full 2):
 PSYoungGen      total 132096K, used 0K [0x00000000d5f80000, 0x00000000de900000, 0x0000000100000000)
  eden space 125440K, 0% used [0x00000000d5f80000,0x00000000d5f80000,0x00000000dda00000)
  from space 6656K, 0% used [0x00000000de200000,0x00000000de200000,0x00000000de880000)
  to   space 7680K, 0% used [0x00000000dda00000,0x00000000dda00000,0x00000000de180000)
 ParOldGen       total 53248K, used 8186K [0x0000000081e00000, 0x0000000085200000, 0x00000000d5f80000)
  object space 53248K, 15% used [0x0000000081e00000,0x00000000825febc8,0x0000000085200000)
 Metaspace       used 20580K, capacity 21256K, committed 21296K, reserved 1073152K
  class space    used 2682K, capacity 2859K, committed 2864K, reserved 1048576K
}
Event: 2.443 GC heap before
{Heap before GC invocations=9 (full 2):
 PSYoungGen      total 132096K, used 125440K [0x00000000d5f80000, 0x00000000de900000, 0x0000000100000000)
  eden space 125440K, 100% used [0x00000000d5f80000,0x00000000dda00000,0x00000000dda00000)
  from space 6656K, 0% used [0x00000000de200000,0x00000000de200000,0x00000000de880000)
  to   space 7680K, 0% used [0x00000000dda00000,0x00000000dda00000,0x00000000de180000)
 ParOldGen       total 53248K, used 8186K [0x0000000081e00000, 0x0000000085200000, 0x00000000d5f80000)
  object space 53248K, 15% used [0x0000000081e00000,0x00000000825febc8,0x0000000085200000)
 Metaspace       used 23947K, capacity 24852K, committed 25136K, reserved 1077248K
  class space    used 3069K, capacity 3298K, committed 3376K, reserved 1048576K
Event: 2.522 GC heap after
Heap after GC invocations=9 (full 2):
 PSYoungGen      total 133120K, used 6711K [0x00000000d5f80000, 0x00000000e4880000, 0x0000000100000000)
  eden space 125440K, 0% used [0x00000000d5f80000,0x00000000d5f80000,0x00000000dda00000)
  from space 7680K, 87% used [0x00000000dda00000,0x00000000de08df40,0x00000000de180000)
  to   space 8192K, 0% used [0x00000000e4080000,0x00000000e4080000,0x00000000e4880000)
 ParOldGen       total 53248K, used 8194K [0x0000000081e00000, 0x0000000085200000, 0x00000000d5f80000)
  object space 53248K, 15% used [0x0000000081e00000,0x0000000082600bc8,0x0000000085200000)
 Metaspace       used 23947K, capacity 24852K, committed 25136K, reserved 1077248K
  class space    used 3069K, capacity 3298K, committed 3376K, reserved 1048576K
}

