# JRE version: Java(TM) SE Runtime Environment (8.0_201-b09) (build 1.8.0_201-b09)
# Java VM: Java HotSpot(TM) 64-Bit Server VM (25.201-b09 mixed mode windows-amd64 compressed oops)
Heap:
 PSYoungGen      total 189952K, used 24743K [0x00000000d5f80000, 0x00000000e6a00000, 0x0000000100000000)
  eden space 176640K, 14% used [0x00000000d5f80000,0x00000000d77a9d30,0x00000000e0c00000)
  from space 13312K, 0% used [0x00000000e0c00000,0x00000000e0c00000,0x00000000e1900000)
  to   space 13312K, 0% used [0x00000000e5d00000,0x00000000e5d00000,0x00000000e6a00000)
 ParOldGen       total 74752K, used 12180K [0x0000000081e00000, 0x0000000086700000, 0x00000000d5f80000)
  object space 74752K, 16% used [0x0000000081e00000,0x00000000829e5100,0x0000000086700000)
 Metaspace       used 35299K, capacity 37376K, committed 37592K, reserved 1081344K
  class space    used 4658K, capacity 5045K, committed 5120K, reserved 1048576K
GC Heap History (10 events):
Event: 1.695 GC heap before
{Heap before GC invocations=7 (full 1):
 PSYoungGen      total 71680K, used 66560K [0x00000000d5f80000, 0x00000000df580000, 0x0000000100000000)
  eden space 66560K, 100% used [0x00000000d5f80000,0x00000000da080000,0x00000000da080000)
  from space 5120K, 0% used [0x00000000da080000,0x00000000da080000,0x00000000da580000)
  to   space 10240K, 0% used [0x00000000deb80000,0x00000000deb80000,0x00000000df580000)
 ParOldGen       total 57856K, used 10223K [0x0000000081e00000, 0x0000000085680000, 0x00000000d5f80000)
  object space 57856K, 17% used [0x0000000081e00000,0x00000000827fbdf0,0x0000000085680000)
 Metaspace       used 22254K, capacity 23000K, committed 23040K, reserved 1069056K
  class space    used 2865K, capacity 3065K, committed 3072K, reserved 1048576K
Event: 1.698 GC heap after
Heap after GC invocations=7 (full 1):
 PSYoungGen      total 113664K, used 2953K [0x00000000d5f80000, 0x00000000dee80000, 0x0000000100000000)
  eden space 110592K, 0% used [0x00000000d5f80000,0x00000000d5f80000,0x00000000dcb80000)
  from space 3072K, 96% used [0x00000000deb80000,0x00000000dee62540,0x00000000dee80000)
  to   space 10240K, 0% used [0x00000000dda80000,0x00000000dda80000,0x00000000de480000)
 ParOldGen       total 57856K, used 10223K [0x0000000081e00000, 0x0000000085680000, 0x00000000d5f80000)
  object space 57856K, 17% used [0x0000000081e00000,0x00000000827fbdf0,0x0000000085680000)
 Metaspace       used 22254K, capacity 23000K, committed 23040K, reserved 1069056K
  class space    used 2865K, capacity 3065K, committed 3072K, reserved 1048576K
}
Event: 2.584 GC heap before
{Heap before GC invocations=8 (full 1):
 PSYoungGen      total 113664K, used 113545K [0x00000000d5f80000, 0x00000000dee80000, 0x0000000100000000)
  eden space 110592K, 100% used [0x00000000d5f80000,0x00000000dcb80000,0x00000000dcb80000)
  from space 3072K, 96% used [0x00000000deb80000,0x00000000dee62540,0x00000000dee80000)
  to   space 10240K, 0% used [0x00000000dda80000,0x00000000dda80000,0x00000000de480000)
 ParOldGen       total 57856K, used 10223K [0x0000000081e00000, 0x0000000085680000, 0x00000000d5f80000)
  object space 57856K, 17% used [0x0000000081e00000,0x00000000827fbdf0,0x0000000085680000)
 Metaspace       used 26355K, capacity 27570K, committed 27776K, reserved 1073152K
  class space    used 3442K, capacity 3697K, committed 3712K, reserved 1048576K
Event: 2.591 GC heap after
Heap after GC invocations=8 (full 1):
 PSYoungGen      total 136192K, used 9339K [0x00000000d5f80000, 0x00000000e2480000, 0x0000000100000000)
  eden space 125952K, 0% used [0x00000000d5f80000,0x00000000d5f80000,0x00000000dda80000)
  from space 10240K, 91% used [0x00000000dda80000,0x00000000de39eda8,0x00000000de480000)
  to   space 11776K, 0% used [0x00000000e1900000,0x00000000e1900000,0x00000000e2480000)
 ParOldGen       total 57856K, used 10231K [0x0000000081e00000, 0x0000000085680000, 0x00000000d5f80000)
  object space 57856K, 17% used [0x0000000081e00000,0x00000000827fddf0,0x0000000085680000)
 Metaspace       used 26355K, capacity 27570K, committed 27776K, reserved 1073152K
  class space    used 3442K, capacity 3697K, committed 3712K, reserved 1048576K
}
Event: 3.545 GC heap before
{Heap before GC invocations=9 (full 1):
 PSYoungGen      total 136192K, used 135291K [0x00000000d5f80000, 0x00000000e2480000, 0x0000000100000000)
  eden space 125952K, 100% used [0x00000000d5f80000,0x00000000dda80000,0x00000000dda80000)
  from space 10240K, 91% used [0x00000000dda80000,0x00000000de39eda8,0x00000000de480000)
  to   space 11776K, 0% used [0x00000000e1900000,0x00000000e1900000,0x00000000e2480000)
 ParOldGen       total 57856K, used 10231K [0x0000000081e00000, 0x0000000085680000, 0x00000000d5f80000)
  object space 57856K, 17% used [0x0000000081e00000,0x00000000827fddf0,0x0000000085680000)
 Metaspace       used 32929K, capacity 34774K, committed 34944K, reserved 1079296K
  class space    used 4305K, capacity 4618K, committed 4736K, reserved 1048576K
Event: 3.553 GC heap after
Heap after GC invocations=9 (full 1):
 PSYoungGen      total 188416K, used 11412K [0x00000000d5f80000, 0x00000000e3980000, 0x0000000100000000)
  eden space 176640K, 0% used [0x00000000d5f80000,0x00000000d5f80000,0x00000000e0c00000)
  from space 11776K, 96% used [0x00000000e1900000,0x00000000e24251a0,0x00000000e2480000)
  to   space 13312K, 0% used [0x00000000e0c00000,0x00000000e0c00000,0x00000000e1900000)
 ParOldGen       total 57856K, used 10239K [0x0000000081e00000, 0x0000000085680000, 0x00000000d5f80000)
  object space 57856K, 17% used [0x0000000081e00000,0x00000000827ffdf0,0x0000000085680000)
 Metaspace       used 32929K, capacity 34774K, committed 34944K, reserved 1079296K
  class space    used 4305K, capacity 4618K, committed 4736K, reserved 1048576K
}
Event: 3.664 GC heap before
{Heap before GC invocations=10 (full 1):
 PSYoungGen      total 188416K, used 40240K [0x00000000d5f80000, 0x00000000e3980000, 0x0000000100000000)
  eden space 176640K, 16% used [0x00000000d5f80000,0x00000000d7ba6f08,0x00000000e0c00000)
  from space 11776K, 96% used [0x00000000e1900000,0x00000000e24251a0,0x00000000e2480000)
  to   space 13312K, 0% used [0x00000000e0c00000,0x00000000e0c00000,0x00000000e1900000)
 ParOldGen       total 57856K, used 10239K [0x0000000081e00000, 0x0000000085680000, 0x00000000d5f80000)
  object space 57856K, 17% used [0x0000000081e00000,0x00000000827ffdf0,0x0000000085680000)
 Metaspace       used 33473K, capacity 35346K, committed 35416K, reserved 1079296K
  class space    used 4370K, capacity 4720K, committed 4736K, reserved 1048576K
Event: 3.672 GC heap after
Heap after GC invocations=10 (full 1):
 PSYoungGen      total 189952K, used 7144K [0x00000000d5f80000, 0x00000000e6a00000, 0x0000000100000000)
  eden space 176640K, 0% used [0x00000000d5f80000,0x00000000d5f80000,0x00000000e0c00000)
  from space 13312K, 53% used [0x00000000e0c00000,0x00000000e12fa1e8,0x00000000e1900000)
  to   space 13312K, 0% used [0x00000000e5d00000,0x00000000e5d00000,0x00000000e6a00000)
 ParOldGen       total 57856K, used 11143K [0x0000000081e00000, 0x0000000085680000, 0x00000000d5f80000)
  object space 57856K, 19% used [0x0000000081e00000,0x00000000828e1d98,0x0000000085680000)
 Metaspace       used 33473K, capacity 35346K, committed 35416K, reserved 1079296K
  class space    used 4370K, capacity 4720K, committed 4736K, reserved 1048576K
}
Event: 3.672 GC heap before
{Heap before GC invocations=11 (full 2):
 PSYoungGen      total 189952K, used 7144K [0x00000000d5f80000, 0x00000000e6a00000, 0x0000000100000000)
  eden space 176640K, 0% used [0x00000000d5f80000,0x00000000d5f80000,0x00000000e0c00000)
  from space 13312K, 53% used [0x00000000e0c00000,0x00000000e12fa1e8,0x00000000e1900000)
  to   space 13312K, 0% used [0x00000000e5d00000,0x00000000e5d00000,0x00000000e6a00000)
 ParOldGen       total 57856K, used 11143K [0x0000000081e00000, 0x0000000085680000, 0x00000000d5f80000)
  object space 57856K, 19% used [0x0000000081e00000,0x00000000828e1d98,0x0000000085680000)
 Metaspace       used 33473K, capacity 35346K, committed 35416K, reserved 1079296K
  class space    used 4370K, capacity 4720K, committed 4736K, reserved 1048576K
Event: 3.719 GC heap after
Heap after GC invocations=11 (full 2):
 PSYoungGen      total 189952K, used 0K [0x00000000d5f80000, 0x00000000e6a00000, 0x0000000100000000)
  eden space 176640K, 0% used [0x00000000d5f80000,0x00000000d5f80000,0x00000000e0c00000)
  from space 13312K, 0% used [0x00000000e0c00000,0x00000000e0c00000,0x00000000e1900000)
  to   space 13312K, 0% used [0x00000000e5d00000,0x00000000e5d00000,0x00000000e6a00000)
 ParOldGen       total 74752K, used 12180K [0x0000000081e00000, 0x0000000086700000, 0x00000000d5f80000)
  object space 74752K, 16% used [0x0000000081e00000,0x00000000829e5100,0x0000000086700000)
 Metaspace       used 33473K, capacity 35346K, committed 35416K, reserved 1079296K
  class space    used 4370K, capacity 4720K, committed 4736K, reserved 1048576K
}

