# JRE version: Java(TM) SE Runtime Environment (8.0_201-b09) (build 1.8.0_201-b09)
# Java VM: Java HotSpot(TM) 64-Bit Server VM (25.201-b09 mixed mode windows-amd64 compressed oops)
Heap:
 PSYoungGen      total 241664K, used 59171K [0x00000000d5f80000, 0x00000000ea200000, 0x0000000100000000)
  eden space 224256K, 26% used [0x00000000d5f80000,0x00000000d9948ca0,0x00000000e3a80000)
  from space 17408K, 0% used [0x00000000e3a80000,0x00000000e3a80000,0x00000000e4b80000)
  to   space 16896K, 0% used [0x00000000e9180000,0x00000000e9180000,0x00000000ea200000)
 ParOldGen       total 112640K, used 22383K [0x0000000081e00000, 0x0000000088c00000, 0x00000000d5f80000)
  object space 112640K, 19% used [0x0000000081e00000,0x00000000833dbca0,0x0000000088c00000)
 Metaspace       used 58791K, capacity 62086K, committed 62168K, reserved 1103872K
  class space    used 8125K, capacity 8697K, committed 8704K, reserved 1048576K
GC Heap History (10 events):
Event: 3.542 GC heap before
{Heap before GC invocations=10 (full 1):
 PSYoungGen      total 179712K, used 43755K [0x00000000d5f80000, 0x00000000e3580000, 0x0000000100000000)
  eden space 167936K, 19% used [0x00000000d5f80000,0x00000000d7f36c50,0x00000000e0380000)
  from space 11776K, 95% used [0x00000000e1080000,0x00000000e1b84140,0x00000000e1c00000)
  to   space 13312K, 0% used [0x00000000e0380000,0x00000000e0380000,0x00000000e1080000)
 ParOldGen       total 58880K, used 10310K [0x0000000081e00000, 0x0000000085780000, 0x00000000d5f80000)
  object space 58880K, 17% used [0x0000000081e00000,0x0000000082811a48,0x0000000085780000)
 Metaspace       used 33474K, capacity 35346K, committed 35416K, reserved 1079296K
  class space    used 4369K, capacity 4720K, committed 4736K, reserved 1048576K
Event: 3.550 GC heap after
Heap after GC invocations=10 (full 1):
 PSYoungGen      total 181248K, used 7156K [0x00000000d5f80000, 0x00000000e5800000, 0x0000000100000000)
  eden space 167936K, 0% used [0x00000000d5f80000,0x00000000d5f80000,0x00000000e0380000)
  from space 13312K, 53% used [0x00000000e0380000,0x00000000e0a7d1d8,0x00000000e1080000)
  to   space 12800K, 0% used [0x00000000e4b80000,0x00000000e4b80000,0x00000000e5800000)
 ParOldGen       total 58880K, used 11094K [0x0000000081e00000, 0x0000000085780000, 0x00000000d5f80000)
  object space 58880K, 18% used [0x0000000081e00000,0x00000000828d59f0,0x0000000085780000)
 Metaspace       used 33474K, capacity 35346K, committed 35416K, reserved 1079296K
  class space    used 4369K, capacity 4720K, committed 4736K, reserved 1048576K
}
Event: 3.550 GC heap before
{Heap before GC invocations=11 (full 2):
 PSYoungGen      total 181248K, used 7156K [0x00000000d5f80000, 0x00000000e5800000, 0x0000000100000000)
  eden space 167936K, 0% used [0x00000000d5f80000,0x00000000d5f80000,0x00000000e0380000)
  from space 13312K, 53% used [0x00000000e0380000,0x00000000e0a7d1d8,0x00000000e1080000)
  to   space 12800K, 0% used [0x00000000e4b80000,0x00000000e4b80000,0x00000000e5800000)
 ParOldGen       total 58880K, used 11094K [0x0000000081e00000, 0x0000000085780000, 0x00000000d5f80000)
  object space 58880K, 18% used [0x0000000081e00000,0x00000000828d59f0,0x0000000085780000)
 Metaspace       used 33474K, capacity 35346K, committed 35416K, reserved 1079296K
  class space    used 4369K, capacity 4720K, committed 4736K, reserved 1048576K
Event: 3.597 GC heap after
Heap after GC invocations=11 (full 2):
 PSYoungGen      total 181248K, used 0K [0x00000000d5f80000, 0x00000000e5800000, 0x0000000100000000)
  eden space 167936K, 0% used [0x00000000d5f80000,0x00000000d5f80000,0x00000000e0380000)
  from space 13312K, 0% used [0x00000000e0380000,0x00000000e0380000,0x00000000e1080000)
  to   space 12800K, 0% used [0x00000000e4b80000,0x00000000e4b80000,0x00000000e5800000)
 ParOldGen       total 77824K, used 12168K [0x0000000081e00000, 0x0000000086a00000, 0x00000000d5f80000)
  object space 77824K, 15% used [0x0000000081e00000,0x00000000829e2398,0x0000000086a00000)
 Metaspace       used 33474K, capacity 35346K, committed 35416K, reserved 1079296K
  class space    used 4369K, capacity 4720K, committed 4736K, reserved 1048576K
}
Event: 5.390 GC heap before
{Heap before GC invocations=12 (full 2):
 PSYoungGen      total 181248K, used 167936K [0x00000000d5f80000, 0x00000000e5800000, 0x0000000100000000)
  eden space 167936K, 100% used [0x00000000d5f80000,0x00000000e0380000,0x00000000e0380000)
  from space 13312K, 0% used [0x00000000e0380000,0x00000000e0380000,0x00000000e1080000)
  to   space 12800K, 0% used [0x00000000e4b80000,0x00000000e4b80000,0x00000000e5800000)
 ParOldGen       total 77824K, used 12168K [0x0000000081e00000, 0x0000000086a00000, 0x00000000d5f80000)
  object space 77824K, 15% used [0x0000000081e00000,0x00000000829e2398,0x0000000086a00000)
 Metaspace       used 51801K, capacity 54346K, committed 54488K, reserved 1095680K
  class space    used 7105K, capacity 7587K, committed 7680K, reserved 1048576K
Event: 5.407 GC heap after
Heap after GC invocations=12 (full 2):
 PSYoungGen      total 237056K, used 12783K [0x00000000d5f80000, 0x00000000e5c80000, 0x0000000100000000)
  eden space 224256K, 0% used [0x00000000d5f80000,0x00000000d5f80000,0x00000000e3a80000)
  from space 12800K, 99% used [0x00000000e4b80000,0x00000000e57fbcc0,0x00000000e5800000)
  to   space 17408K, 0% used [0x00000000e3a80000,0x00000000e3a80000,0x00000000e4b80000)
 ParOldGen       total 77824K, used 20043K [0x0000000081e00000, 0x0000000086a00000, 0x00000000d5f80000)
  object space 77824K, 25% used [0x0000000081e00000,0x0000000083192ea8,0x0000000086a00000)
 Metaspace       used 51801K, capacity 54346K, committed 54488K, reserved 1095680K
  class space    used 7105K, capacity 7587K, committed 7680K, reserved 1048576K
}
Event: 6.097 GC heap before
{Heap before GC invocations=13 (full 2):
 PSYoungGen      total 237056K, used 83726K [0x00000000d5f80000, 0x00000000e5c80000, 0x0000000100000000)
  eden space 224256K, 31% used [0x00000000d5f80000,0x00000000da4c7c58,0x00000000e3a80000)
  from space 12800K, 99% used [0x00000000e4b80000,0x00000000e57fbcc0,0x00000000e5800000)
  to   space 17408K, 0% used [0x00000000e3a80000,0x00000000e3a80000,0x00000000e4b80000)
 ParOldGen       total 77824K, used 20043K [0x0000000081e00000, 0x0000000086a00000, 0x00000000d5f80000)
  object space 77824K, 25% used [0x0000000081e00000,0x0000000083192ea8,0x0000000086a00000)
 Metaspace       used 55774K, capacity 58862K, committed 58968K, reserved 1099776K
  class space    used 7681K, capacity 8215K, committed 8320K, reserved 1048576K
Event: 6.108 GC heap after
Heap after GC invocations=13 (full 2):
 PSYoungGen      total 241664K, used 5574K [0x00000000d5f80000, 0x00000000ea200000, 0x0000000100000000)
  eden space 224256K, 0% used [0x00000000d5f80000,0x00000000d5f80000,0x00000000e3a80000)
  from space 17408K, 32% used [0x00000000e3a80000,0x00000000e3ff19e0,0x00000000e4b80000)
  to   space 16896K, 0% used [0x00000000e9180000,0x00000000e9180000,0x00000000ea200000)
 ParOldGen       total 77824K, used 26932K [0x0000000081e00000, 0x0000000086a00000, 0x00000000d5f80000)
  object space 77824K, 34% used [0x0000000081e00000,0x000000008384d3f0,0x0000000086a00000)
 Metaspace       used 55774K, capacity 58862K, committed 58968K, reserved 1099776K
  class space    used 7681K, capacity 8215K, committed 8320K, reserved 1048576K
}
Event: 6.108 GC heap before
{Heap before GC invocations=14 (full 3):
 PSYoungGen      total 241664K, used 5574K [0x00000000d5f80000, 0x00000000ea200000, 0x0000000100000000)
  eden space 224256K, 0% used [0x00000000d5f80000,0x00000000d5f80000,0x00000000e3a80000)
  from space 17408K, 32% used [0x00000000e3a80000,0x00000000e3ff19e0,0x00000000e4b80000)
  to   space 16896K, 0% used [0x00000000e9180000,0x00000000e9180000,0x00000000ea200000)
 ParOldGen       total 77824K, used 26932K [0x0000000081e00000, 0x0000000086a00000, 0x00000000d5f80000)
  object space 77824K, 34% used [0x0000000081e00000,0x000000008384d3f0,0x0000000086a00000)
 Metaspace       used 55774K, capacity 58862K, committed 58968K, reserved 1099776K
  class space    used 7681K, capacity 8215K, committed 8320K, reserved 1048576K
Event: 6.217 GC heap after
Heap after GC invocations=14 (full 3):
 PSYoungGen      total 241664K, used 0K [0x00000000d5f80000, 0x00000000ea200000, 0x0000000100000000)
  eden space 224256K, 0% used [0x00000000d5f80000,0x00000000d5f80000,0x00000000e3a80000)
  from space 17408K, 0% used [0x00000000e3a80000,0x00000000e3a80000,0x00000000e4b80000)
  to   space 16896K, 0% used [0x00000000e9180000,0x00000000e9180000,0x00000000ea200000)
 ParOldGen       total 112640K, used 22383K [0x0000000081e00000, 0x0000000088c00000, 0x00000000d5f80000)
  object space 112640K, 19% used [0x0000000081e00000,0x00000000833dbca0,0x0000000088c00000)
 Metaspace       used 55770K, capacity 58856K, committed 58968K, reserved 1099776K
  class space    used 7680K, capacity 8214K, committed 8320K, reserved 1048576K
}

