# JRE version: Java(TM) SE Runtime Environment (8.0_201-b09) (build 1.8.0_201-b09)
# Java VM: Java HotSpot(TM) 64-Bit Server VM (25.201-b09 mixed mode windows-amd64 compressed oops)
Heap:
 PSYoungGen      total 261120K, used 72943K [0x00000000d5f80000, 0x00000000ee600000, 0x0000000100000000)
  eden space 248320K, 29% used [0x00000000d5f80000,0x00000000da6bbde0,0x00000000e5200000)
  from space 12800K, 0% used [0x00000000e5200000,0x00000000e5200000,0x00000000e5e80000)
  to   space 12800K, 0% used [0x00000000ed980000,0x00000000ed980000,0x00000000ee600000)
 ParOldGen       total 60416K, used 12798K [0x0000000081e00000, 0x0000000085900000, 0x00000000d5f80000)
  object space 60416K, 21% used [0x0000000081e00000,0x0000000082a7fa88,0x0000000085900000)
 Metaspace       used 41697K, capacity 43864K, committed 44200K, reserved 1087488K
  class space    used 5591K, capacity 5999K, committed 6064K, reserved 1048576K
GC Heap History (10 events):
Event: 1.337 GC heap before
{Heap before GC invocations=7 (full 1):
 PSYoungGen      total 142336K, used 5055K [0x00000000d5f80000, 0x00000000df480000, 0x0000000100000000)
  eden space 133120K, 0% used [0x00000000d5f80000,0x00000000d5f80000,0x00000000de180000)
  from space 9216K, 54% used [0x00000000deb80000,0x00000000df06fdb0,0x00000000df480000)
  to   space 9728K, 0% used [0x00000000de180000,0x00000000de180000,0x00000000deb00000)
 ParOldGen       total 87552K, used 5601K [0x0000000081e00000, 0x0000000087380000, 0x00000000d5f80000)
  object space 87552K, 6% used [0x0000000081e00000,0x0000000082378698,0x0000000087380000)
 Metaspace       used 20598K, capacity 21202K, committed 21296K, reserved 1067008K
  class space    used 2658K, capacity 2830K, committed 2864K, reserved 1048576K
Event: 1.363 GC heap after
Heap after GC invocations=7 (full 1):
 PSYoungGen      total 142336K, used 0K [0x00000000d5f80000, 0x00000000df480000, 0x0000000100000000)
  eden space 133120K, 0% used [0x00000000d5f80000,0x00000000d5f80000,0x00000000de180000)
  from space 9216K, 0% used [0x00000000deb80000,0x00000000deb80000,0x00000000df480000)
  to   space 9728K, 0% used [0x00000000de180000,0x00000000de180000,0x00000000deb00000)
 ParOldGen       total 46080K, used 5729K [0x0000000081e00000, 0x0000000084b00000, 0x00000000d5f80000)
  object space 46080K, 12% used [0x0000000081e00000,0x00000000823986b0,0x0000000084b00000)
 Metaspace       used 20598K, capacity 21202K, committed 21296K, reserved 1067008K
  class space    used 2658K, capacity 2830K, committed 2864K, reserved 1048576K
}
Event: 2.358 GC heap before
{Heap before GC invocations=8 (full 1):
 PSYoungGen      total 142336K, used 133120K [0x00000000d5f80000, 0x00000000df480000, 0x0000000100000000)
  eden space 133120K, 100% used [0x00000000d5f80000,0x00000000de180000,0x00000000de180000)
  from space 9216K, 0% used [0x00000000deb80000,0x00000000deb80000,0x00000000df480000)
  to   space 9728K, 0% used [0x00000000de180000,0x00000000de180000,0x00000000deb00000)
 ParOldGen       total 46080K, used 5729K [0x0000000081e00000, 0x0000000084b00000, 0x00000000d5f80000)
  object space 46080K, 12% used [0x0000000081e00000,0x00000000823986b0,0x0000000084b00000)
 Metaspace       used 24316K, capacity 25330K, committed 25392K, reserved 1071104K
  class space    used 3115K, capacity 3339K, committed 3376K, reserved 1048576K
Event: 2.363 GC heap after
Heap after GC invocations=8 (full 1):
 PSYoungGen      total 142848K, used 7348K [0x00000000d5f80000, 0x00000000e6980000, 0x0000000100000000)
  eden space 133120K, 0% used [0x00000000d5f80000,0x00000000d5f80000,0x00000000de180000)
  from space 9728K, 75% used [0x00000000de180000,0x00000000de8ad240,0x00000000deb00000)
  to   space 10240K, 0% used [0x00000000e5f80000,0x00000000e5f80000,0x00000000e6980000)
 ParOldGen       total 46080K, used 5737K [0x0000000081e00000, 0x0000000084b00000, 0x00000000d5f80000)
  object space 46080K, 12% used [0x0000000081e00000,0x000000008239a6b0,0x0000000084b00000)
 Metaspace       used 24316K, capacity 25330K, committed 25392K, reserved 1071104K
  class space    used 3115K, capacity 3339K, committed 3376K, reserved 1048576K
}
Event: 3.545 GC heap before
{Heap before GC invocations=9 (full 1):
 PSYoungGen      total 142848K, used 140466K [0x00000000d5f80000, 0x00000000e6980000, 0x0000000100000000)
  eden space 133120K, 99% used [0x00000000d5f80000,0x00000000de17f748,0x00000000de180000)
  from space 9728K, 75% used [0x00000000de180000,0x00000000de8ad240,0x00000000deb00000)
  to   space 10240K, 0% used [0x00000000e5f80000,0x00000000e5f80000,0x00000000e6980000)
 ParOldGen       total 46080K, used 5737K [0x0000000081e00000, 0x0000000084b00000, 0x00000000d5f80000)
  object space 46080K, 12% used [0x0000000081e00000,0x000000008239a6b0,0x0000000084b00000)
 Metaspace       used 32464K, capacity 34268K, committed 34352K, reserved 1079296K
  class space    used 4259K, capacity 4581K, committed 4656K, reserved 1048576K
Event: 3.555 GC heap after
Heap after GC invocations=9 (full 1):
 PSYoungGen      total 258560K, used 10213K [0x00000000d5f80000, 0x00000000e6b00000, 0x0000000100000000)
  eden space 248320K, 0% used [0x00000000d5f80000,0x00000000d5f80000,0x00000000e5200000)
  from space 10240K, 99% used [0x00000000e5f80000,0x00000000e6979580,0x00000000e6980000)
  to   space 12800K, 0% used [0x00000000e5200000,0x00000000e5200000,0x00000000e5e80000)
 ParOldGen       total 46080K, used 8244K [0x0000000081e00000, 0x0000000084b00000, 0x00000000d5f80000)
  object space 46080K, 17% used [0x0000000081e00000,0x000000008260d338,0x0000000084b00000)
 Metaspace       used 32464K, capacity 34268K, committed 34352K, reserved 1079296K
  class space    used 4259K, capacity 4581K, committed 4656K, reserved 1048576K
}
Event: 3.764 GC heap before
{Heap before GC invocations=10 (full 1):
 PSYoungGen      total 258560K, used 80208K [0x00000000d5f80000, 0x00000000e6b00000, 0x0000000100000000)
  eden space 248320K, 28% used [0x00000000d5f80000,0x00000000da3dac40,0x00000000e5200000)
  from space 10240K, 99% used [0x00000000e5f80000,0x00000000e6979580,0x00000000e6980000)
  to   space 12800K, 0% used [0x00000000e5200000,0x00000000e5200000,0x00000000e5e80000)
 ParOldGen       total 46080K, used 8244K [0x0000000081e00000, 0x0000000084b00000, 0x00000000d5f80000)
  object space 46080K, 17% used [0x0000000081e00000,0x000000008260d338,0x0000000084b00000)
 Metaspace       used 33555K, capacity 35376K, committed 35496K, reserved 1079296K
  class space    used 4382K, capacity 4725K, committed 4784K, reserved 1048576K
Event: 3.775 GC heap after
Heap after GC invocations=10 (full 1):
 PSYoungGen      total 261120K, used 8629K [0x00000000d5f80000, 0x00000000ee600000, 0x0000000100000000)
  eden space 248320K, 0% used [0x00000000d5f80000,0x00000000d5f80000,0x00000000e5200000)
  from space 12800K, 67% used [0x00000000e5200000,0x00000000e5a6d788,0x00000000e5e80000)
  to   space 12800K, 0% used [0x00000000ed980000,0x00000000ed980000,0x00000000ee600000)
 ParOldGen       total 46080K, used 8252K [0x0000000081e00000, 0x0000000084b00000, 0x00000000d5f80000)
  object space 46080K, 17% used [0x0000000081e00000,0x000000008260f338,0x0000000084b00000)
 Metaspace       used 33555K, capacity 35376K, committed 35496K, reserved 1079296K
  class space    used 4382K, capacity 4725K, committed 4784K, reserved 1048576K
}
Event: 3.775 GC heap before
{Heap before GC invocations=11 (full 2):
 PSYoungGen      total 261120K, used 8629K [0x00000000d5f80000, 0x00000000ee600000, 0x0000000100000000)
  eden space 248320K, 0% used [0x00000000d5f80000,0x00000000d5f80000,0x00000000e5200000)
  from space 12800K, 67% used [0x00000000e5200000,0x00000000e5a6d788,0x00000000e5e80000)
  to   space 12800K, 0% used [0x00000000ed980000,0x00000000ed980000,0x00000000ee600000)
 ParOldGen       total 46080K, used 8252K [0x0000000081e00000, 0x0000000084b00000, 0x00000000d5f80000)
  object space 46080K, 17% used [0x0000000081e00000,0x000000008260f338,0x0000000084b00000)
 Metaspace       used 33555K, capacity 35376K, committed 35496K, reserved 1079296K
  class space    used 4382K, capacity 4725K, committed 4784K, reserved 1048576K
Event: 3.845 GC heap after
Heap after GC invocations=11 (full 2):
 PSYoungGen      total 261120K, used 0K [0x00000000d5f80000, 0x00000000ee600000, 0x0000000100000000)
  eden space 248320K, 0% used [0x00000000d5f80000,0x00000000d5f80000,0x00000000e5200000)
  from space 12800K, 0% used [0x00000000e5200000,0x00000000e5200000,0x00000000e5e80000)
  to   space 12800K, 0% used [0x00000000ed980000,0x00000000ed980000,0x00000000ee600000)
 ParOldGen       total 60416K, used 12798K [0x0000000081e00000, 0x0000000085900000, 0x00000000d5f80000)
  object space 60416K, 21% used [0x0000000081e00000,0x0000000082a7fa88,0x0000000085900000)
 Metaspace       used 33555K, capacity 35376K, committed 35496K, reserved 1079296K
  class space    used 4382K, capacity 4725K, committed 4784K, reserved 1048576K
}

