# JRE version: Java(TM) SE Runtime Environment (8.0_201-b09) (build 1.8.0_201-b09)
# Java VM: Java HotSpot(TM) 64-Bit Server VM (25.201-b09 mixed mode windows-amd64 compressed oops)
Heap:
 PSYoungGen      total 186368K, used 137361K [0x00000000d5f80000, 0x00000000e3a80000, 0x0000000100000000)
  eden space 174080K, 78% used [0x00000000d5f80000,0x00000000de5a4600,0x00000000e0980000)
  from space 12288K, 0% used [0x00000000e1600000,0x00000000e1600000,0x00000000e2200000)
  to   space 12800K, 0% used [0x00000000e0980000,0x00000000e0980000,0x00000000e1600000)
 ParOldGen       total 79360K, used 13323K [0x0000000081e00000, 0x0000000086b80000, 0x00000000d5f80000)
  object space 79360K, 16% used [0x0000000081e00000,0x0000000082b02c60,0x0000000086b80000)
 Metaspace       used 49440K, capacity 51500K, committed 51672K, reserved 1093632K
  class space    used 6716K, capacity 7104K, committed 7168K, reserved 1048576K
GC Heap History (10 events):
Event: 1.237 GC heap before
{Heap before GC invocations=6 (full 1):
 PSYoungGen      total 71680K, used 5117K [0x00000000d5f80000, 0x00000000df580000, 0x0000000100000000)
  eden space 66560K, 0% used [0x00000000d5f80000,0x00000000d5f80000,0x00000000da080000)
  from space 5120K, 99% used [0x00000000da080000,0x00000000da57f548,0x00000000da580000)
  to   space 10240K, 0% used [0x00000000deb80000,0x00000000deb80000,0x00000000df580000)
 ParOldGen       total 87552K, used 4889K [0x0000000081e00000, 0x0000000087380000, 0x00000000d5f80000)
  object space 87552K, 5% used [0x0000000081e00000,0x00000000822c6610,0x0000000087380000)
 Metaspace       used 20520K, capacity 21178K, committed 21248K, reserved 1067008K
  class space    used 2630K, capacity 2784K, committed 2816K, reserved 1048576K
Event: 1.260 GC heap after
Heap after GC invocations=6 (full 1):
 PSYoungGen      total 71680K, used 0K [0x00000000d5f80000, 0x00000000df580000, 0x0000000100000000)
  eden space 66560K, 0% used [0x00000000d5f80000,0x00000000d5f80000,0x00000000da080000)
  from space 5120K, 0% used [0x00000000da080000,0x00000000da080000,0x00000000da580000)
  to   space 10240K, 0% used [0x00000000deb80000,0x00000000deb80000,0x00000000df580000)
 ParOldGen       total 56832K, used 9713K [0x0000000081e00000, 0x0000000085580000, 0x00000000d5f80000)
  object space 56832K, 17% used [0x0000000081e00000,0x000000008277c470,0x0000000085580000)
 Metaspace       used 20520K, capacity 21178K, committed 21248K, reserved 1067008K
  class space    used 2630K, capacity 2784K, committed 2816K, reserved 1048576K
}
Event: 1.610 GC heap before
{Heap before GC invocations=7 (full 1):
 PSYoungGen      total 71680K, used 66560K [0x00000000d5f80000, 0x00000000df580000, 0x0000000100000000)
  eden space 66560K, 100% used [0x00000000d5f80000,0x00000000da080000,0x00000000da080000)
  from space 5120K, 0% used [0x00000000da080000,0x00000000da080000,0x00000000da580000)
  to   space 10240K, 0% used [0x00000000deb80000,0x00000000deb80000,0x00000000df580000)
 ParOldGen       total 56832K, used 9713K [0x0000000081e00000, 0x0000000085580000, 0x00000000d5f80000)
  object space 56832K, 17% used [0x0000000081e00000,0x000000008277c470,0x0000000085580000)
 Metaspace       used 22170K, capacity 22954K, committed 23040K, reserved 1069056K
  class space    used 2861K, capacity 3068K, committed 3072K, reserved 1048576K
Event: 1.614 GC heap after
Heap after GC invocations=7 (full 1):
 PSYoungGen      total 112640K, used 2871K [0x00000000d5f80000, 0x00000000dee80000, 0x0000000100000000)
  eden space 109568K, 0% used [0x00000000d5f80000,0x00000000d5f80000,0x00000000dca80000)
  from space 3072K, 93% used [0x00000000deb80000,0x00000000dee4ddd0,0x00000000dee80000)
  to   space 9728K, 0% used [0x00000000ddb80000,0x00000000ddb80000,0x00000000de500000)
 ParOldGen       total 56832K, used 9721K [0x0000000081e00000, 0x0000000085580000, 0x00000000d5f80000)
  object space 56832K, 17% used [0x0000000081e00000,0x000000008277e470,0x0000000085580000)
 Metaspace       used 22170K, capacity 22954K, committed 23040K, reserved 1069056K
  class space    used 2861K, capacity 3068K, committed 3072K, reserved 1048576K
}
Event: 2.968 GC heap before
{Heap before GC invocations=8 (full 1):
 PSYoungGen      total 112640K, used 112439K [0x00000000d5f80000, 0x00000000dee80000, 0x0000000100000000)
  eden space 109568K, 100% used [0x00000000d5f80000,0x00000000dca80000,0x00000000dca80000)
  from space 3072K, 93% used [0x00000000deb80000,0x00000000dee4ddd0,0x00000000dee80000)
  to   space 9728K, 0% used [0x00000000ddb80000,0x00000000ddb80000,0x00000000de500000)
 ParOldGen       total 56832K, used 9721K [0x0000000081e00000, 0x0000000085580000, 0x00000000d5f80000)
  object space 56832K, 17% used [0x0000000081e00000,0x000000008277e470,0x0000000085580000)
 Metaspace       used 29471K, capacity 31216K, committed 31360K, reserved 1077248K
  class space    used 3888K, capacity 4206K, committed 4224K, reserved 1048576K
Event: 2.976 GC heap after
Heap after GC invocations=8 (full 1):
 PSYoungGen      total 136704K, used 9706K [0x00000000d5f80000, 0x00000000e2200000, 0x0000000100000000)
  eden space 126976K, 0% used [0x00000000d5f80000,0x00000000d5f80000,0x00000000ddb80000)
  from space 9728K, 99% used [0x00000000ddb80000,0x00000000de4fa878,0x00000000de500000)
  to   space 12288K, 0% used [0x00000000e1600000,0x00000000e1600000,0x00000000e2200000)
 ParOldGen       total 56832K, used 10893K [0x0000000081e00000, 0x0000000085580000, 0x00000000d5f80000)
  object space 56832K, 19% used [0x0000000081e00000,0x00000000828a34f8,0x0000000085580000)
 Metaspace       used 29471K, capacity 31216K, committed 31360K, reserved 1077248K
  class space    used 3888K, capacity 4206K, committed 4224K, reserved 1048576K
}
Event: 3.433 GC heap before
{Heap before GC invocations=9 (full 1):
 PSYoungGen      total 136704K, used 124881K [0x00000000d5f80000, 0x00000000e2200000, 0x0000000100000000)
  eden space 126976K, 90% used [0x00000000d5f80000,0x00000000dcff9e78,0x00000000ddb80000)
  from space 9728K, 99% used [0x00000000ddb80000,0x00000000de4fa878,0x00000000de500000)
  to   space 12288K, 0% used [0x00000000e1600000,0x00000000e1600000,0x00000000e2200000)
 ParOldGen       total 56832K, used 10893K [0x0000000081e00000, 0x0000000085580000, 0x00000000d5f80000)
  object space 56832K, 19% used [0x0000000081e00000,0x00000000828a34f8,0x0000000085580000)
 Metaspace       used 33509K, capacity 35292K, committed 35416K, reserved 1079296K
  class space    used 4324K, capacity 4624K, committed 4736K, reserved 1048576K
Event: 3.441 GC heap after
Heap after GC invocations=9 (full 1):
 PSYoungGen      total 186368K, used 9371K [0x00000000d5f80000, 0x00000000e3a80000, 0x0000000100000000)
  eden space 174080K, 0% used [0x00000000d5f80000,0x00000000d5f80000,0x00000000e0980000)
  from space 12288K, 76% used [0x00000000e1600000,0x00000000e1f26e28,0x00000000e2200000)
  to   space 12800K, 0% used [0x00000000e0980000,0x00000000e0980000,0x00000000e1600000)
 ParOldGen       total 56832K, used 10901K [0x0000000081e00000, 0x0000000085580000, 0x00000000d5f80000)
  object space 56832K, 19% used [0x0000000081e00000,0x00000000828a54f8,0x0000000085580000)
 Metaspace       used 33509K, capacity 35292K, committed 35416K, reserved 1079296K
  class space    used 4324K, capacity 4624K, committed 4736K, reserved 1048576K
}
Event: 3.441 GC heap before
{Heap before GC invocations=10 (full 2):
 PSYoungGen      total 186368K, used 9371K [0x00000000d5f80000, 0x00000000e3a80000, 0x0000000100000000)
  eden space 174080K, 0% used [0x00000000d5f80000,0x00000000d5f80000,0x00000000e0980000)
  from space 12288K, 76% used [0x00000000e1600000,0x00000000e1f26e28,0x00000000e2200000)
  to   space 12800K, 0% used [0x00000000e0980000,0x00000000e0980000,0x00000000e1600000)
 ParOldGen       total 56832K, used 10901K [0x0000000081e00000, 0x0000000085580000, 0x00000000d5f80000)
  object space 56832K, 19% used [0x0000000081e00000,0x00000000828a54f8,0x0000000085580000)
 Metaspace       used 33509K, capacity 35292K, committed 35416K, reserved 1079296K
  class space    used 4324K, capacity 4624K, committed 4736K, reserved 1048576K
Event: 3.484 GC heap after
Heap after GC invocations=10 (full 2):
 PSYoungGen      total 186368K, used 0K [0x00000000d5f80000, 0x00000000e3a80000, 0x0000000100000000)
  eden space 174080K, 0% used [0x00000000d5f80000,0x00000000d5f80000,0x00000000e0980000)
  from space 12288K, 0% used [0x00000000e1600000,0x00000000e1600000,0x00000000e2200000)
  to   space 12800K, 0% used [0x00000000e0980000,0x00000000e0980000,0x00000000e1600000)
 ParOldGen       total 79360K, used 13323K [0x0000000081e00000, 0x0000000086b80000, 0x00000000d5f80000)
  object space 79360K, 16% used [0x0000000081e00000,0x0000000082b02c60,0x0000000086b80000)
 Metaspace       used 33509K, capacity 35292K, committed 35416K, reserved 1079296K
  class space    used 4324K, capacity 4624K, committed 4736K, reserved 1048576K
}

