# JRE version: Java(TM) SE Runtime Environment (8.0_201-b09) (build 1.8.0_201-b09)
# Java VM: Java HotSpot(TM) 64-Bit Server VM (25.201-b09 mixed mode windows-amd64 compressed oops)
Heap:
 PSYoungGen      total 142336K, used 66249K [0x00000000d5f80000, 0x00000000df380000, 0x0000000100000000)
  eden space 133120K, 42% used [0x00000000d5f80000,0x00000000d97386f8,0x00000000de180000)
  from space 9216K, 99% used [0x00000000de180000,0x00000000dea79f30,0x00000000dea80000)
  to   space 8192K, 0% used [0x00000000deb80000,0x00000000deb80000,0x00000000df380000)
 ParOldGen       total 46080K, used 6911K [0x0000000081e00000, 0x0000000084b00000, 0x00000000d5f80000)
  object space 46080K, 14% used [0x0000000081e00000,0x00000000824bfef0,0x0000000084b00000)
 Metaspace       used 30736K, capacity 32444K, committed 32768K, reserved 1077248K
  class space    used 3987K, capacity 4293K, committed 4352K, reserved 1048576K
GC Heap History (10 events):
Event: 0.877 GC heap before
{Heap before GC invocations=4 (full 0):
 PSYoungGen      total 38400K, used 38151K [0x00000000d5f80000, 0x00000000daa80000, 0x0000000100000000)
  eden space 33280K, 100% used [0x00000000d5f80000,0x00000000d8000000,0x00000000d8000000)
  from space 5120K, 95% used [0x00000000d8000000,0x00000000d84c1ca0,0x00000000d8500000)
  to   space 5120K, 0% used [0x00000000da580000,0x00000000da580000,0x00000000daa80000)
 ParOldGen       total 87552K, used 29K [0x0000000081e00000, 0x0000000087380000, 0x00000000d5f80000)
  object space 87552K, 0% used [0x0000000081e00000,0x0000000081e07430,0x0000000087380000)
 Metaspace       used 14161K, capacity 14718K, committed 14848K, reserved 1062912K
  class space    used 1842K, capacity 1998K, committed 2048K, reserved 1048576K
Event: 0.881 GC heap after
Heap after GC invocations=4 (full 0):
 PSYoungGen      total 71680K, used 5090K [0x00000000d5f80000, 0x00000000daa80000, 0x0000000100000000)
  eden space 66560K, 0% used [0x00000000d5f80000,0x00000000d5f80000,0x00000000da080000)
  from space 5120K, 99% used [0x00000000da580000,0x00000000daa78840,0x00000000daa80000)
  to   space 5120K, 0% used [0x00000000da080000,0x00000000da080000,0x00000000da580000)
 ParOldGen       total 87552K, used 37K [0x0000000081e00000, 0x0000000087380000, 0x00000000d5f80000)
  object space 87552K, 0% used [0x0000000081e00000,0x0000000081e09430,0x0000000087380000)
 Metaspace       used 14161K, capacity 14718K, committed 14848K, reserved 1062912K
  class space    used 1842K, capacity 1998K, committed 2048K, reserved 1048576K
}
Event: 1.155 GC heap before
{Heap before GC invocations=5 (full 0):
 PSYoungGen      total 71680K, used 71631K [0x00000000d5f80000, 0x00000000daa80000, 0x0000000100000000)
  eden space 66560K, 99% used [0x00000000d5f80000,0x00000000da07b6e0,0x00000000da080000)
  from space 5120K, 99% used [0x00000000da580000,0x00000000daa78840,0x00000000daa80000)
  to   space 5120K, 0% used [0x00000000da080000,0x00000000da080000,0x00000000da580000)
 ParOldGen       total 87552K, used 2002K [0x0000000081e00000, 0x0000000087380000, 0x00000000d5f80000)
  object space 87552K, 2% used [0x0000000081e00000,0x0000000081ff4b40,0x0000000087380000)
 Metaspace       used 20414K, capacity 21134K, committed 21248K, reserved 1067008K
  class space    used 2602K, capacity 2752K, committed 2816K, reserved 1048576K
Event: 1.163 GC heap after
Heap after GC invocations=5 (full 0):
 PSYoungGen      total 71680K, used 5102K [0x00000000d5f80000, 0x00000000df580000, 0x0000000100000000)
  eden space 66560K, 0% used [0x00000000d5f80000,0x00000000d5f80000,0x00000000da080000)
  from space 5120K, 99% used [0x00000000da080000,0x00000000da57b880,0x00000000da580000)
  to   space 10240K, 0% used [0x00000000deb80000,0x00000000deb80000,0x00000000df580000)
 ParOldGen       total 87552K, used 6956K [0x0000000081e00000, 0x0000000087380000, 0x00000000d5f80000)
  object space 87552K, 7% used [0x0000000081e00000,0x00000000824cb328,0x0000000087380000)
 Metaspace       used 20414K, capacity 21134K, committed 21248K, reserved 1067008K
  class space    used 2602K, capacity 2752K, committed 2816K, reserved 1048576K
}
Event: 1.169 GC heap before
{Heap before GC invocations=6 (full 0):
 PSYoungGen      total 71680K, used 28076K [0x00000000d5f80000, 0x00000000df580000, 0x0000000100000000)
  eden space 66560K, 34% used [0x00000000d5f80000,0x00000000d75ef838,0x00000000da080000)
  from space 5120K, 99% used [0x00000000da080000,0x00000000da57b880,0x00000000da580000)
  to   space 10240K, 0% used [0x00000000deb80000,0x00000000deb80000,0x00000000df580000)
 ParOldGen       total 87552K, used 6956K [0x0000000081e00000, 0x0000000087380000, 0x00000000d5f80000)
  object space 87552K, 7% used [0x0000000081e00000,0x00000000824cb328,0x0000000087380000)
 Metaspace       used 20475K, capacity 21166K, committed 21248K, reserved 1067008K
  class space    used 2612K, capacity 2784K, committed 2816K, reserved 1048576K
Event: 1.174 GC heap after
Heap after GC invocations=6 (full 0):
 PSYoungGen      total 141312K, used 4927K [0x00000000d5f80000, 0x00000000df380000, 0x0000000100000000)
  eden space 133120K, 0% used [0x00000000d5f80000,0x00000000d5f80000,0x00000000de180000)
  from space 8192K, 60% used [0x00000000deb80000,0x00000000df04fde8,0x00000000df380000)
  to   space 9216K, 0% used [0x00000000de180000,0x00000000de180000,0x00000000dea80000)
 ParOldGen       total 87552K, used 6956K [0x0000000081e00000, 0x0000000087380000, 0x00000000d5f80000)
  object space 87552K, 7% used [0x0000000081e00000,0x00000000824cb328,0x0000000087380000)
 Metaspace       used 20475K, capacity 21166K, committed 21248K, reserved 1067008K
  class space    used 2612K, capacity 2784K, committed 2816K, reserved 1048576K
}
Event: 1.174 GC heap before
{Heap before GC invocations=7 (full 1):
 PSYoungGen      total 141312K, used 4927K [0x00000000d5f80000, 0x00000000df380000, 0x0000000100000000)
  eden space 133120K, 0% used [0x00000000d5f80000,0x00000000d5f80000,0x00000000de180000)
  from space 8192K, 60% used [0x00000000deb80000,0x00000000df04fde8,0x00000000df380000)
  to   space 9216K, 0% used [0x00000000de180000,0x00000000de180000,0x00000000dea80000)
 ParOldGen       total 87552K, used 6956K [0x0000000081e00000, 0x0000000087380000, 0x00000000d5f80000)
  object space 87552K, 7% used [0x0000000081e00000,0x00000000824cb328,0x0000000087380000)
 Metaspace       used 20475K, capacity 21166K, committed 21248K, reserved 1067008K
  class space    used 2612K, capacity 2784K, committed 2816K, reserved 1048576K
Event: 1.196 GC heap after
Heap after GC invocations=7 (full 1):
 PSYoungGen      total 141312K, used 0K [0x00000000d5f80000, 0x00000000df380000, 0x0000000100000000)
  eden space 133120K, 0% used [0x00000000d5f80000,0x00000000d5f80000,0x00000000de180000)
  from space 8192K, 0% used [0x00000000deb80000,0x00000000deb80000,0x00000000df380000)
  to   space 9216K, 0% used [0x00000000de180000,0x00000000de180000,0x00000000dea80000)
 ParOldGen       total 46080K, used 4857K [0x0000000081e00000, 0x0000000084b00000, 0x00000000d5f80000)
  object space 46080K, 10% used [0x0000000081e00000,0x00000000822be408,0x0000000084b00000)
 Metaspace       used 20475K, capacity 21166K, committed 21248K, reserved 1067008K
  class space    used 2612K, capacity 2784K, committed 2816K, reserved 1048576K
}
Event: 2.447 GC heap before
{Heap before GC invocations=8 (full 1):
 PSYoungGen      total 141312K, used 133120K [0x00000000d5f80000, 0x00000000df380000, 0x0000000100000000)
  eden space 133120K, 100% used [0x00000000d5f80000,0x00000000de180000,0x00000000de180000)
  from space 8192K, 0% used [0x00000000deb80000,0x00000000deb80000,0x00000000df380000)
  to   space 9216K, 0% used [0x00000000de180000,0x00000000de180000,0x00000000dea80000)
 ParOldGen       total 46080K, used 4857K [0x0000000081e00000, 0x0000000084b00000, 0x00000000d5f80000)
  object space 46080K, 10% used [0x0000000081e00000,0x00000000822be408,0x0000000084b00000)
 Metaspace       used 28115K, capacity 29710K, committed 29952K, reserved 1075200K
  class space    used 3700K, capacity 3992K, committed 4096K, reserved 1048576K
Event: 2.457 GC heap after
Heap after GC invocations=8 (full 1):
 PSYoungGen      total 142336K, used 9191K [0x00000000d5f80000, 0x00000000df380000, 0x0000000100000000)
  eden space 133120K, 0% used [0x00000000d5f80000,0x00000000d5f80000,0x00000000de180000)
  from space 9216K, 99% used [0x00000000de180000,0x00000000dea79f30,0x00000000dea80000)
  to   space 8192K, 0% used [0x00000000deb80000,0x00000000deb80000,0x00000000df380000)
 ParOldGen       total 46080K, used 6911K [0x0000000081e00000, 0x0000000084b00000, 0x00000000d5f80000)
  object space 46080K, 14% used [0x0000000081e00000,0x00000000824bfef0,0x0000000084b00000)
 Metaspace       used 28115K, capacity 29710K, committed 29952K, reserved 1075200K
  class space    used 3700K, capacity 3992K, committed 4096K, reserved 1048576K
}

