# JRE version: Java(TM) SE Runtime Environment (8.0_201-b09) (build 1.8.0_201-b09)
# Java VM: Java HotSpot(TM) 64-Bit Server VM (25.201-b09 mixed mode windows-amd64 compressed oops)
Heap:
 PSYoungGen      total 330240K, used 16209K [0x00000000d5f80000, 0x00000000eb480000, 0x0000000100000000)
  eden space 322560K, 5% used [0x00000000d5f80000,0x00000000d6f54610,0x00000000e9a80000)
  from space 7680K, 0% used [0x00000000ead00000,0x00000000ead00000,0x00000000eb480000)
  to   space 11776K, 0% used [0x00000000e9d80000,0x00000000e9d80000,0x00000000ea900000)
 ParOldGen       total 68096K, used 17869K [0x0000000081e00000, 0x0000000086080000, 0x00000000d5f80000)
  object space 68096K, 26% used [0x0000000081e00000,0x0000000082f737c8,0x0000000086080000)
 Metaspace       used 41564K, capacity 43484K, committed 43772K, reserved 1089536K
  class space    used 5531K, capacity 5843K, committed 5884K, reserved 1048576K
GC Heap History (10 events):
Event: 3.452 GC heap before
{Heap before GC invocations=9 (full 1):
 PSYoungGen      total 142848K, used 141465K [0x00000000d5f80000, 0x00000000e5b00000, 0x0000000100000000)
  eden space 133120K, 100% used [0x00000000d5f80000,0x00000000de180000,0x00000000de180000)
  from space 9728K, 85% used [0x00000000de180000,0x00000000de9a6658,0x00000000deb00000)
  to   space 10240K, 0% used [0x00000000e5100000,0x00000000e5100000,0x00000000e5b00000)
 ParOldGen       total 47616K, used 4833K [0x0000000081e00000, 0x0000000084c80000, 0x00000000d5f80000)
  object space 47616K, 10% used [0x0000000081e00000,0x00000000822b8650,0x0000000084c80000)
 Metaspace       used 31713K, capacity 33456K, committed 33660K, reserved 1079296K
  class space    used 4120K, capacity 4409K, committed 4476K, reserved 1048576K
Event: 3.459 GC heap after
Heap after GC invocations=9 (full 1):
 PSYoungGen      total 240640K, used 9328K [0x00000000d5f80000, 0x00000000e5a80000, 0x0000000100000000)
  eden space 230912K, 0% used [0x00000000d5f80000,0x00000000d5f80000,0x00000000e4100000)
  from space 9728K, 95% used [0x00000000e5100000,0x00000000e5a1c3c0,0x00000000e5a80000)
  to   space 11264K, 0% used [0x00000000e4480000,0x00000000e4480000,0x00000000e4f80000)
 ParOldGen       total 47616K, used 4841K [0x0000000081e00000, 0x0000000084c80000, 0x00000000d5f80000)
  object space 47616K, 10% used [0x0000000081e00000,0x00000000822ba650,0x0000000084c80000)
 Metaspace       used 31713K, capacity 33456K, committed 33660K, reserved 1079296K
  class space    used 4120K, capacity 4409K, committed 4476K, reserved 1048576K
}
Event: 3.740 GC heap before
{Heap before GC invocations=10 (full 1):
 PSYoungGen      total 240640K, used 39951K [0x00000000d5f80000, 0x00000000e5a80000, 0x0000000100000000)
  eden space 230912K, 13% used [0x00000000d5f80000,0x00000000d7d67a30,0x00000000e4100000)
  from space 9728K, 95% used [0x00000000e5100000,0x00000000e5a1c3c0,0x00000000e5a80000)
  to   space 11264K, 0% used [0x00000000e4480000,0x00000000e4480000,0x00000000e4f80000)
 ParOldGen       total 47616K, used 4841K [0x0000000081e00000, 0x0000000084c80000, 0x00000000d5f80000)
  object space 47616K, 10% used [0x0000000081e00000,0x00000000822ba650,0x0000000084c80000)
 Metaspace       used 34178K, capacity 35976K, committed 36048K, reserved 1081344K
  class space    used 4401K, capacity 4723K, committed 4732K, reserved 1048576K
Event: 3.749 GC heap after
Heap after GC invocations=10 (full 1):
 PSYoungGen      total 245760K, used 8499K [0x00000000d5f80000, 0x00000000eb880000, 0x0000000100000000)
  eden space 234496K, 0% used [0x00000000d5f80000,0x00000000d5f80000,0x00000000e4480000)
  from space 11264K, 75% used [0x00000000e4480000,0x00000000e4ccce58,0x00000000e4f80000)
  to   space 11776K, 0% used [0x00000000ead00000,0x00000000ead00000,0x00000000eb880000)
 ParOldGen       total 47616K, used 4849K [0x0000000081e00000, 0x0000000084c80000, 0x00000000d5f80000)
  object space 47616K, 10% used [0x0000000081e00000,0x00000000822bc650,0x0000000084c80000)
 Metaspace       used 34178K, capacity 35976K, committed 36048K, reserved 1081344K
  class space    used 4401K, capacity 4723K, committed 4732K, reserved 1048576K
}
Event: 3.749 GC heap before
{Heap before GC invocations=11 (full 2):
 PSYoungGen      total 245760K, used 8499K [0x00000000d5f80000, 0x00000000eb880000, 0x0000000100000000)
  eden space 234496K, 0% used [0x00000000d5f80000,0x00000000d5f80000,0x00000000e4480000)
  from space 11264K, 75% used [0x00000000e4480000,0x00000000e4ccce58,0x00000000e4f80000)
  to   space 11776K, 0% used [0x00000000ead00000,0x00000000ead00000,0x00000000eb880000)
 ParOldGen       total 47616K, used 4849K [0x0000000081e00000, 0x0000000084c80000, 0x00000000d5f80000)
  object space 47616K, 10% used [0x0000000081e00000,0x00000000822bc650,0x0000000084c80000)
 Metaspace       used 34178K, capacity 35976K, committed 36048K, reserved 1081344K
  class space    used 4401K, capacity 4723K, committed 4732K, reserved 1048576K
Event: 3.812 GC heap after
Heap after GC invocations=11 (full 2):
 PSYoungGen      total 245760K, used 0K [0x00000000d5f80000, 0x00000000eb880000, 0x0000000100000000)
  eden space 234496K, 0% used [0x00000000d5f80000,0x00000000d5f80000,0x00000000e4480000)
  from space 11264K, 0% used [0x00000000e4480000,0x00000000e4480000,0x00000000e4f80000)
  to   space 11776K, 0% used [0x00000000ead00000,0x00000000ead00000,0x00000000eb880000)
 ParOldGen       total 68096K, used 12616K [0x0000000081e00000, 0x0000000086080000, 0x00000000d5f80000)
  object space 68096K, 18% used [0x0000000081e00000,0x0000000082a52040,0x0000000086080000)
 Metaspace       used 34178K, capacity 35976K, committed 36048K, reserved 1081344K
  class space    used 4401K, capacity 4723K, committed 4732K, reserved 1048576K
}
Event: 4.352 GC heap before
{Heap before GC invocations=12 (full 2):
 PSYoungGen      total 245760K, used 52510K [0x00000000d5f80000, 0x00000000eb880000, 0x0000000100000000)
  eden space 234496K, 22% used [0x00000000d5f80000,0x00000000d92c7b38,0x00000000e4480000)
  from space 11264K, 0% used [0x00000000e4480000,0x00000000e4480000,0x00000000e4f80000)
  to   space 11776K, 0% used [0x00000000ead00000,0x00000000ead00000,0x00000000eb880000)
 ParOldGen       total 68096K, used 12616K [0x0000000081e00000, 0x0000000086080000, 0x00000000d5f80000)
  object space 68096K, 18% used [0x0000000081e00000,0x0000000082a52040,0x0000000086080000)
 Metaspace       used 40840K, capacity 42724K, committed 42876K, reserved 1091584K
  class space    used 5404K, capacity 5743K, committed 5756K, reserved 1048576K
Event: 4.357 GC heap after
Heap after GC invocations=12 (full 2):
 PSYoungGen      total 330240K, used 7330K [0x00000000d5f80000, 0x00000000eb480000, 0x0000000100000000)
  eden space 322560K, 0% used [0x00000000d5f80000,0x00000000d5f80000,0x00000000e9a80000)
  from space 7680K, 95% used [0x00000000ead00000,0x00000000eb428ba0,0x00000000eb480000)
  to   space 11776K, 0% used [0x00000000e9d80000,0x00000000e9d80000,0x00000000ea900000)
 ParOldGen       total 68096K, used 12624K [0x0000000081e00000, 0x0000000086080000, 0x00000000d5f80000)
  object space 68096K, 18% used [0x0000000081e00000,0x0000000082a54040,0x0000000086080000)
 Metaspace       used 40840K, capacity 42724K, committed 42876K, reserved 1091584K
  class space    used 5404K, capacity 5743K, committed 5756K, reserved 1048576K
}
Event: 4.357 GC heap before
{Heap before GC invocations=13 (full 3):
 PSYoungGen      total 330240K, used 7330K [0x00000000d5f80000, 0x00000000eb480000, 0x0000000100000000)
  eden space 322560K, 0% used [0x00000000d5f80000,0x00000000d5f80000,0x00000000e9a80000)
  from space 7680K, 95% used [0x00000000ead00000,0x00000000eb428ba0,0x00000000eb480000)
  to   space 11776K, 0% used [0x00000000e9d80000,0x00000000e9d80000,0x00000000ea900000)
 ParOldGen       total 68096K, used 12624K [0x0000000081e00000, 0x0000000086080000, 0x00000000d5f80000)
  object space 68096K, 18% used [0x0000000081e00000,0x0000000082a54040,0x0000000086080000)
 Metaspace       used 40840K, capacity 42724K, committed 42876K, reserved 1091584K
  class space    used 5404K, capacity 5743K, committed 5756K, reserved 1048576K
Event: 4.443 GC heap after
Heap after GC invocations=13 (full 3):
 PSYoungGen      total 330240K, used 0K [0x00000000d5f80000, 0x00000000eb480000, 0x0000000100000000)
  eden space 322560K, 0% used [0x00000000d5f80000,0x00000000d5f80000,0x00000000e9a80000)
  from space 7680K, 0% used [0x00000000ead00000,0x00000000ead00000,0x00000000eb480000)
  to   space 11776K, 0% used [0x00000000e9d80000,0x00000000e9d80000,0x00000000ea900000)
 ParOldGen       total 68096K, used 17869K [0x0000000081e00000, 0x0000000086080000, 0x00000000d5f80000)
  object space 68096K, 26% used [0x0000000081e00000,0x0000000082f737c8,0x0000000086080000)
 Metaspace       used 40840K, capacity 42724K, committed 42876K, reserved 1089536K
  class space    used 5404K, capacity 5743K, committed 5756K, reserved 1048576K
}

