# JRE version: Java(TM) SE Runtime Environment (8.0_201-b09) (build 1.8.0_201-b09)
# Java VM: Java HotSpot(TM) 64-Bit Server VM (25.201-b09 mixed mode windows-amd64 compressed oops)
Heap:
 PSYoungGen      total 215552K, used 191058K [0x00000000d5f80000, 0x00000000e9c00000, 0x0000000100000000)
  eden space 201728K, 94% used [0x00000000d5f80000,0x00000000e1a14bf8,0x00000000e2480000)
  from space 13824K, 0% used [0x00000000e2480000,0x00000000e2480000,0x00000000e3200000)
  to   space 13312K, 0% used [0x00000000e8f00000,0x00000000e8f00000,0x00000000e9c00000)
 ParOldGen       total 65024K, used 12162K [0x0000000081e00000, 0x0000000085d80000, 0x00000000d5f80000)
  object space 65024K, 18% used [0x0000000081e00000,0x00000000829e0a08,0x0000000085d80000)
 Metaspace       used 52621K, capacity 55378K, committed 55640K, reserved 1097728K
  class space    used 7228K, capacity 7717K, committed 7808K, reserved 1048576K
GC Heap History (10 events):
Event: 2.389 GC heap before
{Heap before GC invocations=7 (full 1):
 PSYoungGen      total 71680K, used 66560K [0x00000000d5f80000, 0x00000000df680000, 0x0000000100000000)
  eden space 66560K, 100% used [0x00000000d5f80000,0x00000000da080000,0x00000000da080000)
  from space 5120K, 0% used [0x00000000da080000,0x00000000da080000,0x00000000da580000)
  to   space 10752K, 0% used [0x00000000dec00000,0x00000000dec00000,0x00000000df680000)
 ParOldGen       total 54272K, used 10134K [0x0000000081e00000, 0x0000000085300000, 0x00000000d5f80000)
  object space 54272K, 18% used [0x0000000081e00000,0x00000000827e5a28,0x0000000085300000)
 Metaspace       used 22213K, capacity 23000K, committed 23040K, reserved 1069056K
  class space    used 2860K, capacity 3065K, committed 3072K, reserved 1048576K
Event: 2.393 GC heap after
Heap after GC invocations=7 (full 1):
 PSYoungGen      total 120832K, used 2974K [0x00000000d5f80000, 0x00000000def00000, 0x0000000100000000)
  eden space 117760K, 0% used [0x00000000d5f80000,0x00000000d5f80000,0x00000000dd280000)
  from space 3072K, 96% used [0x00000000dec00000,0x00000000deee7a78,0x00000000def00000)
  to   space 10240K, 0% used [0x00000000ddb00000,0x00000000ddb00000,0x00000000de500000)
 ParOldGen       total 54272K, used 10134K [0x0000000081e00000, 0x0000000085300000, 0x00000000d5f80000)
  object space 54272K, 18% used [0x0000000081e00000,0x00000000827e5a28,0x0000000085300000)
 Metaspace       used 22213K, capacity 23000K, committed 23040K, reserved 1069056K
  class space    used 2860K, capacity 3065K, committed 3072K, reserved 1048576K
}
Event: 3.568 GC heap before
{Heap before GC invocations=8 (full 1):
 PSYoungGen      total 120832K, used 120734K [0x00000000d5f80000, 0x00000000def00000, 0x0000000100000000)
  eden space 117760K, 100% used [0x00000000d5f80000,0x00000000dd280000,0x00000000dd280000)
  from space 3072K, 96% used [0x00000000dec00000,0x00000000deee7a78,0x00000000def00000)
  to   space 10240K, 0% used [0x00000000ddb00000,0x00000000ddb00000,0x00000000de500000)
 ParOldGen       total 54272K, used 10134K [0x0000000081e00000, 0x0000000085300000, 0x00000000d5f80000)
  object space 54272K, 18% used [0x0000000081e00000,0x00000000827e5a28,0x0000000085300000)
 Metaspace       used 27026K, capacity 28276K, committed 28416K, reserved 1073152K
  class space    used 3522K, capacity 3763K, committed 3840K, reserved 1048576K
Event: 3.575 GC heap after
Heap after GC invocations=8 (full 1):
 PSYoungGen      total 136704K, used 9928K [0x00000000d5f80000, 0x00000000e3e00000, 0x0000000100000000)
  eden space 126464K, 0% used [0x00000000d5f80000,0x00000000d5f80000,0x00000000ddb00000)
  from space 10240K, 96% used [0x00000000ddb00000,0x00000000de4b23e8,0x00000000de500000)
  to   space 12288K, 0% used [0x00000000e3200000,0x00000000e3200000,0x00000000e3e00000)
 ParOldGen       total 54272K, used 10142K [0x0000000081e00000, 0x0000000085300000, 0x00000000d5f80000)
  object space 54272K, 18% used [0x0000000081e00000,0x00000000827e7a28,0x0000000085300000)
 Metaspace       used 27026K, capacity 28276K, committed 28416K, reserved 1073152K
  class space    used 3522K, capacity 3763K, committed 3840K, reserved 1048576K
}
Event: 4.684 GC heap before
{Heap before GC invocations=9 (full 1):
 PSYoungGen      total 136704K, used 136377K [0x00000000d5f80000, 0x00000000e3e00000, 0x0000000100000000)
  eden space 126464K, 99% used [0x00000000d5f80000,0x00000000ddafc350,0x00000000ddb00000)
  from space 10240K, 96% used [0x00000000ddb00000,0x00000000de4b23e8,0x00000000de500000)
  to   space 12288K, 0% used [0x00000000e3200000,0x00000000e3200000,0x00000000e3e00000)
 ParOldGen       total 54272K, used 10142K [0x0000000081e00000, 0x0000000085300000, 0x00000000d5f80000)
  object space 54272K, 18% used [0x0000000081e00000,0x00000000827e7a28,0x0000000085300000)
 Metaspace       used 32947K, capacity 34778K, committed 34944K, reserved 1079296K
  class space    used 4303K, capacity 4618K, committed 4736K, reserved 1048576K
Event: 4.696 GC heap after
Heap after GC invocations=9 (full 1):
 PSYoungGen      total 214016K, used 10823K [0x00000000d5f80000, 0x00000000e4b00000, 0x0000000100000000)
  eden space 201728K, 0% used [0x00000000d5f80000,0x00000000d5f80000,0x00000000e2480000)
  from space 12288K, 88% used [0x00000000e3200000,0x00000000e3c91d68,0x00000000e3e00000)
  to   space 13824K, 0% used [0x00000000e2480000,0x00000000e2480000,0x00000000e3200000)
 ParOldGen       total 54272K, used 10150K [0x0000000081e00000, 0x0000000085300000, 0x00000000d5f80000)
  object space 54272K, 18% used [0x0000000081e00000,0x00000000827e9a28,0x0000000085300000)
 Metaspace       used 32947K, capacity 34778K, committed 34944K, reserved 1079296K
  class space    used 4303K, capacity 4618K, committed 4736K, reserved 1048576K
}
Event: 4.817 GC heap before
{Heap before GC invocations=10 (full 1):
 PSYoungGen      total 214016K, used 31820K [0x00000000d5f80000, 0x00000000e4b00000, 0x0000000100000000)
  eden space 201728K, 10% used [0x00000000d5f80000,0x00000000d7401528,0x00000000e2480000)
  from space 12288K, 88% used [0x00000000e3200000,0x00000000e3c91d68,0x00000000e3e00000)
  to   space 13824K, 0% used [0x00000000e2480000,0x00000000e2480000,0x00000000e3200000)
 ParOldGen       total 54272K, used 10150K [0x0000000081e00000, 0x0000000085300000, 0x00000000d5f80000)
  object space 54272K, 18% used [0x0000000081e00000,0x00000000827e9a28,0x0000000085300000)
 Metaspace       used 33484K, capacity 35350K, committed 35416K, reserved 1079296K
  class space    used 4367K, capacity 4720K, committed 4736K, reserved 1048576K
Event: 4.831 GC heap after
Heap after GC invocations=10 (full 1):
 PSYoungGen      total 215552K, used 7155K [0x00000000d5f80000, 0x00000000e9c00000, 0x0000000100000000)
  eden space 201728K, 0% used [0x00000000d5f80000,0x00000000d5f80000,0x00000000e2480000)
  from space 13824K, 51% used [0x00000000e2480000,0x00000000e2b7cd48,0x00000000e3200000)
  to   space 13312K, 0% used [0x00000000e8f00000,0x00000000e8f00000,0x00000000e9c00000)
 ParOldGen       total 54272K, used 11030K [0x0000000081e00000, 0x0000000085300000, 0x00000000d5f80000)
  object space 54272K, 20% used [0x0000000081e00000,0x00000000828c59d0,0x0000000085300000)
 Metaspace       used 33484K, capacity 35350K, committed 35416K, reserved 1079296K
  class space    used 4367K, capacity 4720K, committed 4736K, reserved 1048576K
}
Event: 4.831 GC heap before
{Heap before GC invocations=11 (full 2):
 PSYoungGen      total 215552K, used 7155K [0x00000000d5f80000, 0x00000000e9c00000, 0x0000000100000000)
  eden space 201728K, 0% used [0x00000000d5f80000,0x00000000d5f80000,0x00000000e2480000)
  from space 13824K, 51% used [0x00000000e2480000,0x00000000e2b7cd48,0x00000000e3200000)
  to   space 13312K, 0% used [0x00000000e8f00000,0x00000000e8f00000,0x00000000e9c00000)
 ParOldGen       total 54272K, used 11030K [0x0000000081e00000, 0x0000000085300000, 0x00000000d5f80000)
  object space 54272K, 20% used [0x0000000081e00000,0x00000000828c59d0,0x0000000085300000)
 Metaspace       used 33484K, capacity 35350K, committed 35416K, reserved 1079296K
  class space    used 4367K, capacity 4720K, committed 4736K, reserved 1048576K
Event: 4.878 GC heap after
Heap after GC invocations=11 (full 2):
 PSYoungGen      total 215552K, used 0K [0x00000000d5f80000, 0x00000000e9c00000, 0x0000000100000000)
  eden space 201728K, 0% used [0x00000000d5f80000,0x00000000d5f80000,0x00000000e2480000)
  from space 13824K, 0% used [0x00000000e2480000,0x00000000e2480000,0x00000000e3200000)
  to   space 13312K, 0% used [0x00000000e8f00000,0x00000000e8f00000,0x00000000e9c00000)
 ParOldGen       total 65024K, used 12162K [0x0000000081e00000, 0x0000000085d80000, 0x00000000d5f80000)
  object space 65024K, 18% used [0x0000000081e00000,0x00000000829e0a08,0x0000000085d80000)
 Metaspace       used 33484K, capacity 35350K, committed 35416K, reserved 1079296K
  class space    used 4367K, capacity 4720K, committed 4736K, reserved 1048576K
}

