# JRE version: Java(TM) SE Runtime Environment (8.0_201-b09) (build 1.8.0_201-b09)
# Java VM: Java HotSpot(TM) 64-Bit Server VM (25.201-b09 mixed mode windows-amd64 compressed oops)
Heap:
 PSYoungGen      total 111616K, used 14405K [0x00000000d5f80000, 0x00000000dee80000, 0x0000000100000000)
  eden space 108544K, 10% used [0x00000000d5f80000,0x00000000d6acd500,0x00000000dc980000)
  from space 3072K, 92% used [0x00000000deb80000,0x00000000dee44260,0x00000000dee80000)
  to   space 9728K, 0% used [0x00000000ddb80000,0x00000000ddb80000,0x00000000de500000)
 ParOldGen       total 57344K, used 9741K [0x0000000081e00000, 0x0000000085600000, 0x00000000d5f80000)
  object space 57344K, 16% used [0x0000000081e00000,0x0000000082783480,0x0000000085600000)
 Metaspace       used 22480K, capacity 23362K, committed 23680K, reserved 1069056K
  class space    used 2881K, capacity 3106K, committed 3200K, reserved 1048576K
GC Heap History (10 events):
Event: 0.761 GC heap before
{Heap before GC invocations=3 (full 0):
 PSYoungGen      total 38400K, used 35856K [0x00000000d5f80000, 0x00000000daa80000, 0x0000000100000000)
  eden space 33280K, 100% used [0x00000000d5f80000,0x00000000d8000000,0x00000000d8000000)
  from space 5120K, 50% used [0x00000000d8500000,0x00000000d87841d8,0x00000000d8a00000)
  to   space 5120K, 0% used [0x00000000d8000000,0x00000000d8000000,0x00000000d8500000)
 ParOldGen       total 87552K, used 16K [0x0000000081e00000, 0x0000000087380000, 0x00000000d5f80000)
  object space 87552K, 0% used [0x0000000081e00000,0x0000000081e04000,0x0000000087380000)
 Metaspace       used 11727K, capacity 12106K, committed 12288K, reserved 1060864K
  class space    used 1406K, capacity 1506K, committed 1536K, reserved 1048576K
Event: 0.764 GC heap after
Heap after GC invocations=3 (full 0):
 PSYoungGen      total 38400K, used 4849K [0x00000000d5f80000, 0x00000000daa80000, 0x0000000100000000)
  eden space 33280K, 0% used [0x00000000d5f80000,0x00000000d5f80000,0x00000000d8000000)
  from space 5120K, 94% used [0x00000000d8000000,0x00000000d84bc4f0,0x00000000d8500000)
  to   space 5120K, 0% used [0x00000000da580000,0x00000000da580000,0x00000000daa80000)
 ParOldGen       total 87552K, used 24K [0x0000000081e00000, 0x0000000087380000, 0x00000000d5f80000)
  object space 87552K, 0% used [0x0000000081e00000,0x0000000081e06000,0x0000000087380000)
 Metaspace       used 11727K, capacity 12106K, committed 12288K, reserved 1060864K
  class space    used 1406K, capacity 1506K, committed 1536K, reserved 1048576K
}
Event: 0.959 GC heap before
{Heap before GC invocations=4 (full 0):
 PSYoungGen      total 38400K, used 38129K [0x00000000d5f80000, 0x00000000daa80000, 0x0000000100000000)
  eden space 33280K, 100% used [0x00000000d5f80000,0x00000000d8000000,0x00000000d8000000)
  from space 5120K, 94% used [0x00000000d8000000,0x00000000d84bc4f0,0x00000000d8500000)
  to   space 5120K, 0% used [0x00000000da580000,0x00000000da580000,0x00000000daa80000)
 ParOldGen       total 87552K, used 24K [0x0000000081e00000, 0x0000000087380000, 0x00000000d5f80000)
  object space 87552K, 0% used [0x0000000081e00000,0x0000000081e06000,0x0000000087380000)
 Metaspace       used 14177K, capacity 14672K, committed 14848K, reserved 1062912K
  class space    used 1845K, capacity 1999K, committed 2048K, reserved 1048576K
Event: 0.964 GC heap after
Heap after GC invocations=4 (full 0):
 PSYoungGen      total 71680K, used 5119K [0x00000000d5f80000, 0x00000000daa80000, 0x0000000100000000)
  eden space 66560K, 0% used [0x00000000d5f80000,0x00000000d5f80000,0x00000000da080000)
  from space 5120K, 99% used [0x00000000da580000,0x00000000daa7fe28,0x00000000daa80000)
  to   space 5120K, 0% used [0x00000000da080000,0x00000000da080000,0x00000000da580000)
 ParOldGen       total 87552K, used 32K [0x0000000081e00000, 0x0000000087380000, 0x00000000d5f80000)
  object space 87552K, 0% used [0x0000000081e00000,0x0000000081e08000,0x0000000087380000)
 Metaspace       used 14177K, capacity 14672K, committed 14848K, reserved 1062912K
  class space    used 1845K, capacity 1999K, committed 2048K, reserved 1048576K
}
Event: 1.235 GC heap before
{Heap before GC invocations=5 (full 0):
 PSYoungGen      total 71680K, used 65219K [0x00000000d5f80000, 0x00000000daa80000, 0x0000000100000000)
  eden space 66560K, 90% used [0x00000000d5f80000,0x00000000d9a311b8,0x00000000da080000)
  from space 5120K, 99% used [0x00000000da580000,0x00000000daa7fe28,0x00000000daa80000)
  to   space 5120K, 0% used [0x00000000da080000,0x00000000da080000,0x00000000da580000)
 ParOldGen       total 87552K, used 32K [0x0000000081e00000, 0x0000000087380000, 0x00000000d5f80000)
  object space 87552K, 0% used [0x0000000081e00000,0x0000000081e08000,0x0000000087380000)
 Metaspace       used 20494K, capacity 21148K, committed 21248K, reserved 1067008K
  class space    used 2626K, capacity 2779K, committed 2816K, reserved 1048576K
Event: 1.244 GC heap after
Heap after GC invocations=5 (full 0):
 PSYoungGen      total 71680K, used 5112K [0x00000000d5f80000, 0x00000000df580000, 0x0000000100000000)
  eden space 66560K, 0% used [0x00000000d5f80000,0x00000000d5f80000,0x00000000da080000)
  from space 5120K, 99% used [0x00000000da080000,0x00000000da57e3d8,0x00000000da580000)
  to   space 10240K, 0% used [0x00000000deb80000,0x00000000deb80000,0x00000000df580000)
 ParOldGen       total 87552K, used 4935K [0x0000000081e00000, 0x0000000087380000, 0x00000000d5f80000)
  object space 87552K, 5% used [0x0000000081e00000,0x00000000822d1d70,0x0000000087380000)
 Metaspace       used 20494K, capacity 21148K, committed 21248K, reserved 1067008K
  class space    used 2626K, capacity 2779K, committed 2816K, reserved 1048576K
}
Event: 1.244 GC heap before
{Heap before GC invocations=6 (full 1):
 PSYoungGen      total 71680K, used 5112K [0x00000000d5f80000, 0x00000000df580000, 0x0000000100000000)
  eden space 66560K, 0% used [0x00000000d5f80000,0x00000000d5f80000,0x00000000da080000)
  from space 5120K, 99% used [0x00000000da080000,0x00000000da57e3d8,0x00000000da580000)
  to   space 10240K, 0% used [0x00000000deb80000,0x00000000deb80000,0x00000000df580000)
 ParOldGen       total 87552K, used 4935K [0x0000000081e00000, 0x0000000087380000, 0x00000000d5f80000)
  object space 87552K, 5% used [0x0000000081e00000,0x00000000822d1d70,0x0000000087380000)
 Metaspace       used 20494K, capacity 21148K, committed 21248K, reserved 1067008K
  class space    used 2626K, capacity 2779K, committed 2816K, reserved 1048576K
Event: 1.269 GC heap after
Heap after GC invocations=6 (full 1):
 PSYoungGen      total 71680K, used 0K [0x00000000d5f80000, 0x00000000df580000, 0x0000000100000000)
  eden space 66560K, 0% used [0x00000000d5f80000,0x00000000d5f80000,0x00000000da080000)
  from space 5120K, 0% used [0x00000000da080000,0x00000000da080000,0x00000000da580000)
  to   space 10240K, 0% used [0x00000000deb80000,0x00000000deb80000,0x00000000df580000)
 ParOldGen       total 57344K, used 9733K [0x0000000081e00000, 0x0000000085600000, 0x00000000d5f80000)
  object space 57344K, 16% used [0x0000000081e00000,0x0000000082781480,0x0000000085600000)
 Metaspace       used 20492K, capacity 21142K, committed 21248K, reserved 1067008K
  class space    used 2625K, capacity 2778K, committed 2816K, reserved 1048576K
}
Event: 1.590 GC heap before
{Heap before GC invocations=7 (full 1):
 PSYoungGen      total 71680K, used 66560K [0x00000000d5f80000, 0x00000000df580000, 0x0000000100000000)
  eden space 66560K, 100% used [0x00000000d5f80000,0x00000000da080000,0x00000000da080000)
  from space 5120K, 0% used [0x00000000da080000,0x00000000da080000,0x00000000da580000)
  to   space 10240K, 0% used [0x00000000deb80000,0x00000000deb80000,0x00000000df580000)
 ParOldGen       total 57344K, used 9733K [0x0000000081e00000, 0x0000000085600000, 0x00000000d5f80000)
  object space 57344K, 16% used [0x0000000081e00000,0x0000000082781480,0x0000000085600000)
 Metaspace       used 22150K, capacity 22968K, committed 23040K, reserved 1069056K
  class space    used 2852K, capacity 3069K, committed 3072K, reserved 1048576K
Event: 1.593 GC heap after
Heap after GC invocations=7 (full 1):
 PSYoungGen      total 111616K, used 2832K [0x00000000d5f80000, 0x00000000dee80000, 0x0000000100000000)
  eden space 108544K, 0% used [0x00000000d5f80000,0x00000000d5f80000,0x00000000dc980000)
  from space 3072K, 92% used [0x00000000deb80000,0x00000000dee44260,0x00000000dee80000)
  to   space 9728K, 0% used [0x00000000ddb80000,0x00000000ddb80000,0x00000000de500000)
 ParOldGen       total 57344K, used 9741K [0x0000000081e00000, 0x0000000085600000, 0x00000000d5f80000)
  object space 57344K, 16% used [0x0000000081e00000,0x0000000082783480,0x0000000085600000)
 Metaspace       used 22150K, capacity 22968K, committed 23040K, reserved 1069056K
  class space    used 2852K, capacity 3069K, committed 3072K, reserved 1048576K
}

