# JRE version: Java(TM) SE Runtime Environment (8.0_201-b09) (build 1.8.0_201-b09)
# Java VM: Java HotSpot(TM) 64-Bit Server VM (25.201-b09 mixed mode windows-amd64 compressed oops)
Heap:
 PSYoungGen      total 223744K, used 72418K [0x00000000d5f80000, 0x00000000e5100000, 0x0000000100000000)
  eden space 210944K, 28% used [0x00000000d5f80000,0x00000000d99b9b08,0x00000000e2d80000)
  from space 12800K, 99% used [0x00000000e3e80000,0x00000000e4afefe0,0x00000000e4b00000)
  to   space 17408K, 0% used [0x00000000e2d80000,0x00000000e2d80000,0x00000000e3e80000)
 ParOldGen       total 79360K, used 19196K [0x0000000081e00000, 0x0000000086b80000, 0x00000000d5f80000)
  object space 79360K, 24% used [0x0000000081e00000,0x00000000830bf000,0x0000000086b80000)
 Metaspace       used 54626K, capacity 57674K, committed 57688K, reserved 1099776K
  class space    used 7509K, capacity 8057K, committed 8064K, reserved 1048576K
GC Heap History (10 events):
Event: 2.558 GC heap before
{Heap before GC invocations=8 (full 1):
 PSYoungGen      total 108544K, used 108536K [0x00000000d5f80000, 0x00000000dee80000, 0x0000000100000000)
  eden space 105472K, 100% used [0x00000000d5f80000,0x00000000dc680000,0x00000000dc680000)
  from space 3072K, 99% used [0x00000000deb80000,0x00000000dee7e2f0,0x00000000dee80000)
  to   space 10240K, 0% used [0x00000000dda80000,0x00000000dda80000,0x00000000de480000)
 ParOldGen       total 59392K, used 10010K [0x0000000081e00000, 0x0000000085800000, 0x00000000d5f80000)
  object space 59392K, 16% used [0x0000000081e00000,0x00000000827c69e0,0x0000000085800000)
 Metaspace       used 26123K, capacity 27314K, committed 27520K, reserved 1073152K
  class space    used 3392K, capacity 3633K, committed 3712K, reserved 1048576K
Event: 2.564 GC heap after
Heap after GC invocations=8 (full 1):
 PSYoungGen      total 136192K, used 8976K [0x00000000d5f80000, 0x00000000e1300000, 0x0000000100000000)
  eden space 125952K, 0% used [0x00000000d5f80000,0x00000000d5f80000,0x00000000dda80000)
  from space 10240K, 87% used [0x00000000dda80000,0x00000000de344050,0x00000000de480000)
  to   space 11264K, 0% used [0x00000000e0800000,0x00000000e0800000,0x00000000e1300000)
 ParOldGen       total 59392K, used 10018K [0x0000000081e00000, 0x0000000085800000, 0x00000000d5f80000)
  object space 59392K, 16% used [0x0000000081e00000,0x00000000827c89e0,0x0000000085800000)
 Metaspace       used 26123K, capacity 27314K, committed 27520K, reserved 1073152K
  class space    used 3392K, capacity 3633K, committed 3712K, reserved 1048576K
}
Event: 3.545 GC heap before
{Heap before GC invocations=9 (full 1):
 PSYoungGen      total 136192K, used 134928K [0x00000000d5f80000, 0x00000000e1300000, 0x0000000100000000)
  eden space 125952K, 100% used [0x00000000d5f80000,0x00000000dda80000,0x00000000dda80000)
  from space 10240K, 87% used [0x00000000dda80000,0x00000000de344050,0x00000000de480000)
  to   space 11264K, 0% used [0x00000000e0800000,0x00000000e0800000,0x00000000e1300000)
 ParOldGen       total 59392K, used 10018K [0x0000000081e00000, 0x0000000085800000, 0x00000000d5f80000)
  object space 59392K, 16% used [0x0000000081e00000,0x00000000827c89e0,0x0000000085800000)
 Metaspace       used 32944K, capacity 34778K, committed 34944K, reserved 1079296K
  class space    used 4302K, capacity 4618K, committed 4736K, reserved 1048576K
Event: 3.555 GC heap after
Heap after GC invocations=9 (full 1):
 PSYoungGen      total 170496K, used 11257K [0x00000000d5f80000, 0x00000000e3080000, 0x0000000100000000)
  eden space 159232K, 0% used [0x00000000d5f80000,0x00000000d5f80000,0x00000000dfb00000)
  from space 11264K, 99% used [0x00000000e0800000,0x00000000e12fe478,0x00000000e1300000)
  to   space 13312K, 0% used [0x00000000dfb00000,0x00000000dfb00000,0x00000000e0800000)
 ParOldGen       total 59392K, used 10374K [0x0000000081e00000, 0x0000000085800000, 0x00000000d5f80000)
  object space 59392K, 17% used [0x0000000081e00000,0x0000000082821908,0x0000000085800000)
 Metaspace       used 32944K, capacity 34778K, committed 34944K, reserved 1079296K
  class space    used 4302K, capacity 4618K, committed 4736K, reserved 1048576K
}
Event: 3.664 GC heap before
{Heap before GC invocations=10 (full 1):
 PSYoungGen      total 170496K, used 45977K [0x00000000d5f80000, 0x00000000e3080000, 0x0000000100000000)
  eden space 159232K, 21% used [0x00000000d5f80000,0x00000000d8168108,0x00000000dfb00000)
  from space 11264K, 99% used [0x00000000e0800000,0x00000000e12fe478,0x00000000e1300000)
  to   space 13312K, 0% used [0x00000000dfb00000,0x00000000dfb00000,0x00000000e0800000)
 ParOldGen       total 59392K, used 10374K [0x0000000081e00000, 0x0000000085800000, 0x00000000d5f80000)
  object space 59392K, 17% used [0x0000000081e00000,0x0000000082821908,0x0000000085800000)
 Metaspace       used 33498K, capacity 35346K, committed 35416K, reserved 1079296K
  class space    used 4369K, capacity 4720K, committed 4736K, reserved 1048576K
Event: 3.671 GC heap after
Heap after GC invocations=10 (full 1):
 PSYoungGen      total 172544K, used 7188K [0x00000000d5f80000, 0x00000000e4b00000, 0x0000000100000000)
  eden space 159232K, 0% used [0x00000000d5f80000,0x00000000d5f80000,0x00000000dfb00000)
  from space 13312K, 53% used [0x00000000dfb00000,0x00000000e02051d8,0x00000000e0800000)
  to   space 12800K, 0% used [0x00000000e3e80000,0x00000000e3e80000,0x00000000e4b00000)
 ParOldGen       total 59392K, used 11286K [0x0000000081e00000, 0x0000000085800000, 0x00000000d5f80000)
  object space 59392K, 19% used [0x0000000081e00000,0x00000000829058b0,0x0000000085800000)
 Metaspace       used 33498K, capacity 35346K, committed 35416K, reserved 1079296K
  class space    used 4369K, capacity 4720K, committed 4736K, reserved 1048576K
}
Event: 3.671 GC heap before
{Heap before GC invocations=11 (full 2):
 PSYoungGen      total 172544K, used 7188K [0x00000000d5f80000, 0x00000000e4b00000, 0x0000000100000000)
  eden space 159232K, 0% used [0x00000000d5f80000,0x00000000d5f80000,0x00000000dfb00000)
  from space 13312K, 53% used [0x00000000dfb00000,0x00000000e02051d8,0x00000000e0800000)
  to   space 12800K, 0% used [0x00000000e3e80000,0x00000000e3e80000,0x00000000e4b00000)
 ParOldGen       total 59392K, used 11286K [0x0000000081e00000, 0x0000000085800000, 0x00000000d5f80000)
  object space 59392K, 19% used [0x0000000081e00000,0x00000000829058b0,0x0000000085800000)
 Metaspace       used 33498K, capacity 35346K, committed 35416K, reserved 1079296K
  class space    used 4369K, capacity 4720K, committed 4736K, reserved 1048576K
Event: 3.719 GC heap after
Heap after GC invocations=11 (full 2):
 PSYoungGen      total 172544K, used 0K [0x00000000d5f80000, 0x00000000e4b00000, 0x0000000100000000)
  eden space 159232K, 0% used [0x00000000d5f80000,0x00000000d5f80000,0x00000000dfb00000)
  from space 13312K, 0% used [0x00000000dfb00000,0x00000000dfb00000,0x00000000e0800000)
  to   space 12800K, 0% used [0x00000000e3e80000,0x00000000e3e80000,0x00000000e4b00000)
 ParOldGen       total 79360K, used 12198K [0x0000000081e00000, 0x0000000086b80000, 0x00000000d5f80000)
  object space 79360K, 15% used [0x0000000081e00000,0x00000000829e9bc8,0x0000000086b80000)
 Metaspace       used 33498K, capacity 35346K, committed 35416K, reserved 1079296K
  class space    used 4369K, capacity 4720K, committed 4736K, reserved 1048576K
}
Event: 5.539 GC heap before
{Heap before GC invocations=12 (full 2):
 PSYoungGen      total 172544K, used 159232K [0x00000000d5f80000, 0x00000000e4b00000, 0x0000000100000000)
  eden space 159232K, 100% used [0x00000000d5f80000,0x00000000dfb00000,0x00000000dfb00000)
  from space 13312K, 0% used [0x00000000dfb00000,0x00000000dfb00000,0x00000000e0800000)
  to   space 12800K, 0% used [0x00000000e3e80000,0x00000000e3e80000,0x00000000e4b00000)
 ParOldGen       total 79360K, used 12198K [0x0000000081e00000, 0x0000000086b80000, 0x00000000d5f80000)
  object space 79360K, 15% used [0x0000000081e00000,0x00000000829e9bc8,0x0000000086b80000)
 Metaspace       used 51159K, capacity 53472K, committed 53848K, reserved 1095680K
  class space    used 7000K, capacity 7444K, committed 7552K, reserved 1048576K
Event: 5.557 GC heap after
Heap after GC invocations=12 (full 2):
 PSYoungGen      total 223744K, used 12795K [0x00000000d5f80000, 0x00000000e5100000, 0x0000000100000000)
  eden space 210944K, 0% used [0x00000000d5f80000,0x00000000d5f80000,0x00000000e2d80000)
  from space 12800K, 99% used [0x00000000e3e80000,0x00000000e4afefe0,0x00000000e4b00000)
  to   space 17408K, 0% used [0x00000000e2d80000,0x00000000e2d80000,0x00000000e3e80000)
 ParOldGen       total 79360K, used 19196K [0x0000000081e00000, 0x0000000086b80000, 0x00000000d5f80000)
  object space 79360K, 24% used [0x0000000081e00000,0x00000000830bf000,0x0000000086b80000)
 Metaspace       used 51159K, capacity 53472K, committed 53848K, reserved 1095680K
  class space    used 7000K, capacity 7444K, committed 7552K, reserved 1048576K
}

