# JRE version: Java(TM) SE Runtime Environment (8.0_201-b09) (build 1.8.0_201-b09)
# Java VM: Java HotSpot(TM) 64-Bit Server VM (25.201-b09 mixed mode windows-amd64 compressed oops)
Heap:
 PSYoungGen      total 176128K, used 56434K [0x00000000d5f80000, 0x00000000e5100000, 0x0000000100000000)
  eden space 162816K, 26% used [0x00000000d5f80000,0x00000000d89a4640,0x00000000dfe80000)
  from space 13312K, 99% used [0x00000000dfe80000,0x00000000e0b785b0,0x00000000e0b80000)
  to   space 18432K, 0% used [0x00000000e3f00000,0x00000000e3f00000,0x00000000e5100000)
 ParOldGen       total 83456K, used 20589K [0x0000000081e00000, 0x0000000086f80000, 0x00000000d5f80000)
  object space 83456K, 24% used [0x0000000081e00000,0x000000008321b628,0x0000000086f80000)
 Metaspace       used 53654K, capacity 56426K, committed 56792K, reserved 1097728K
  class space    used 7308K, capacity 7809K, committed 7936K, reserved 1048576K
GC Heap History (10 events):
Event: 1.668 GC heap before
{Heap before GC invocations=7 (full 1):
 PSYoungGen      total 71680K, used 66560K [0x00000000d5f80000, 0x00000000df580000, 0x0000000100000000)
  eden space 66560K, 100% used [0x00000000d5f80000,0x00000000da080000,0x00000000da080000)
  from space 5120K, 0% used [0x00000000da080000,0x00000000da080000,0x00000000da580000)
  to   space 10240K, 0% used [0x00000000deb80000,0x00000000deb80000,0x00000000df580000)
 ParOldGen       total 58368K, used 9723K [0x0000000081e00000, 0x0000000085700000, 0x00000000d5f80000)
  object space 58368K, 16% used [0x0000000081e00000,0x000000008277ec18,0x0000000085700000)
 Metaspace       used 22178K, capacity 22954K, committed 23040K, reserved 1069056K
  class space    used 2858K, capacity 3068K, committed 3072K, reserved 1048576K
Event: 1.671 GC heap after
Heap after GC invocations=7 (full 1):
 PSYoungGen      total 109568K, used 2839K [0x00000000d5f80000, 0x00000000dee80000, 0x0000000100000000)
  eden space 106496K, 0% used [0x00000000d5f80000,0x00000000d5f80000,0x00000000dc780000)
  from space 3072K, 92% used [0x00000000deb80000,0x00000000dee45dd0,0x00000000dee80000)
  to   space 9728K, 0% used [0x00000000ddb80000,0x00000000ddb80000,0x00000000de500000)
 ParOldGen       total 58368K, used 9731K [0x0000000081e00000, 0x0000000085700000, 0x00000000d5f80000)
  object space 58368K, 16% used [0x0000000081e00000,0x0000000082780c18,0x0000000085700000)
 Metaspace       used 22178K, capacity 22954K, committed 23040K, reserved 1069056K
  class space    used 2858K, capacity 3068K, committed 3072K, reserved 1048576K
}
Event: 3.086 GC heap before
{Heap before GC invocations=8 (full 1):
 PSYoungGen      total 109568K, used 109335K [0x00000000d5f80000, 0x00000000dee80000, 0x0000000100000000)
  eden space 106496K, 100% used [0x00000000d5f80000,0x00000000dc780000,0x00000000dc780000)
  from space 3072K, 92% used [0x00000000deb80000,0x00000000dee45dd0,0x00000000dee80000)
  to   space 9728K, 0% used [0x00000000ddb80000,0x00000000ddb80000,0x00000000de500000)
 ParOldGen       total 58368K, used 9731K [0x0000000081e00000, 0x0000000085700000, 0x00000000d5f80000)
  object space 58368K, 16% used [0x0000000081e00000,0x0000000082780c18,0x0000000085700000)
 Metaspace       used 29258K, capacity 31056K, committed 31360K, reserved 1077248K
  class space    used 3864K, capacity 4174K, committed 4224K, reserved 1048576K
Event: 3.094 GC heap after
Heap after GC invocations=8 (full 1):
 PSYoungGen      total 136704K, used 9696K [0x00000000d5f80000, 0x00000000e1780000, 0x0000000100000000)
  eden space 126976K, 0% used [0x00000000d5f80000,0x00000000d5f80000,0x00000000ddb80000)
  from space 9728K, 99% used [0x00000000ddb80000,0x00000000de4f80f8,0x00000000de500000)
  to   space 12288K, 0% used [0x00000000e0b80000,0x00000000e0b80000,0x00000000e1780000)
 ParOldGen       total 58368K, used 10904K [0x0000000081e00000, 0x0000000085700000, 0x00000000d5f80000)
  object space 58368K, 18% used [0x0000000081e00000,0x00000000828a63d0,0x0000000085700000)
 Metaspace       used 29258K, capacity 31056K, committed 31360K, reserved 1077248K
  class space    used 3864K, capacity 4174K, committed 4224K, reserved 1048576K
}
Event: 3.605 GC heap before
{Heap before GC invocations=9 (full 1):
 PSYoungGen      total 136704K, used 125533K [0x00000000d5f80000, 0x00000000e1780000, 0x0000000100000000)
  eden space 126976K, 91% used [0x00000000d5f80000,0x00000000dd09f450,0x00000000ddb80000)
  from space 9728K, 99% used [0x00000000ddb80000,0x00000000de4f80f8,0x00000000de500000)
  to   space 12288K, 0% used [0x00000000e0b80000,0x00000000e0b80000,0x00000000e1780000)
 ParOldGen       total 58368K, used 10904K [0x0000000081e00000, 0x0000000085700000, 0x00000000d5f80000)
  object space 58368K, 18% used [0x0000000081e00000,0x00000000828a63d0,0x0000000085700000)
 Metaspace       used 33503K, capacity 35292K, committed 35416K, reserved 1079296K
  class space    used 4322K, capacity 4624K, committed 4736K, reserved 1048576K
Event: 3.613 GC heap after
Heap after GC invocations=9 (full 1):
 PSYoungGen      total 175104K, used 9691K [0x00000000d5f80000, 0x00000000e3480000, 0x0000000100000000)
  eden space 162816K, 0% used [0x00000000d5f80000,0x00000000d5f80000,0x00000000dfe80000)
  from space 12288K, 78% used [0x00000000e0b80000,0x00000000e14f6d48,0x00000000e1780000)
  to   space 13312K, 0% used [0x00000000dfe80000,0x00000000dfe80000,0x00000000e0b80000)
 ParOldGen       total 58368K, used 10912K [0x0000000081e00000, 0x0000000085700000, 0x00000000d5f80000)
  object space 58368K, 18% used [0x0000000081e00000,0x00000000828a83d0,0x0000000085700000)
 Metaspace       used 33503K, capacity 35292K, committed 35416K, reserved 1079296K
  class space    used 4322K, capacity 4624K, committed 4736K, reserved 1048576K
}
Event: 3.613 GC heap before
{Heap before GC invocations=10 (full 2):
 PSYoungGen      total 175104K, used 9691K [0x00000000d5f80000, 0x00000000e3480000, 0x0000000100000000)
  eden space 162816K, 0% used [0x00000000d5f80000,0x00000000d5f80000,0x00000000dfe80000)
  from space 12288K, 78% used [0x00000000e0b80000,0x00000000e14f6d48,0x00000000e1780000)
  to   space 13312K, 0% used [0x00000000dfe80000,0x00000000dfe80000,0x00000000e0b80000)
 ParOldGen       total 58368K, used 10912K [0x0000000081e00000, 0x0000000085700000, 0x00000000d5f80000)
  object space 58368K, 18% used [0x0000000081e00000,0x00000000828a83d0,0x0000000085700000)
 Metaspace       used 33503K, capacity 35292K, committed 35416K, reserved 1079296K
  class space    used 4322K, capacity 4624K, committed 4736K, reserved 1048576K
Event: 3.663 GC heap after
Heap after GC invocations=10 (full 2):
 PSYoungGen      total 175104K, used 0K [0x00000000d5f80000, 0x00000000e3480000, 0x0000000100000000)
  eden space 162816K, 0% used [0x00000000d5f80000,0x00000000d5f80000,0x00000000dfe80000)
  from space 12288K, 0% used [0x00000000e0b80000,0x00000000e0b80000,0x00000000e1780000)
  to   space 13312K, 0% used [0x00000000dfe80000,0x00000000dfe80000,0x00000000e0b80000)
 ParOldGen       total 83456K, used 13471K [0x0000000081e00000, 0x0000000086f80000, 0x00000000d5f80000)
  object space 83456K, 16% used [0x0000000081e00000,0x0000000082b27ec8,0x0000000086f80000)
 Metaspace       used 33503K, capacity 35292K, committed 35416K, reserved 1079296K
  class space    used 4322K, capacity 4624K, committed 4736K, reserved 1048576K
}
Event: 5.696 GC heap before
{Heap before GC invocations=11 (full 2):
 PSYoungGen      total 175104K, used 162816K [0x00000000d5f80000, 0x00000000e3480000, 0x0000000100000000)
  eden space 162816K, 100% used [0x00000000d5f80000,0x00000000dfe80000,0x00000000dfe80000)
  from space 12288K, 0% used [0x00000000e0b80000,0x00000000e0b80000,0x00000000e1780000)
  to   space 13312K, 0% used [0x00000000dfe80000,0x00000000dfe80000,0x00000000e0b80000)
 ParOldGen       total 83456K, used 13471K [0x0000000081e00000, 0x0000000086f80000, 0x00000000d5f80000)
  object space 83456K, 16% used [0x0000000081e00000,0x0000000082b27ec8,0x0000000086f80000)
 Metaspace       used 51080K, capacity 53556K, committed 53720K, reserved 1095680K
  class space    used 6964K, capacity 7404K, committed 7424K, reserved 1048576K
Event: 5.716 GC heap after
Heap after GC invocations=11 (full 2):
 PSYoungGen      total 176128K, used 13281K [0x00000000d5f80000, 0x00000000e5100000, 0x0000000100000000)
  eden space 162816K, 0% used [0x00000000d5f80000,0x00000000d5f80000,0x00000000dfe80000)
  from space 13312K, 99% used [0x00000000dfe80000,0x00000000e0b785b0,0x00000000e0b80000)
  to   space 18432K, 0% used [0x00000000e3f00000,0x00000000e3f00000,0x00000000e5100000)
 ParOldGen       total 83456K, used 20589K [0x0000000081e00000, 0x0000000086f80000, 0x00000000d5f80000)
  object space 83456K, 24% used [0x0000000081e00000,0x000000008321b628,0x0000000086f80000)
 Metaspace       used 51080K, capacity 53556K, committed 53720K, reserved 1095680K
  class space    used 6964K, capacity 7404K, committed 7424K, reserved 1048576K
}

