# JRE version: Java(TM) SE Runtime Environment (8.0_201-b09) (build 1.8.0_201-b09)
# Java VM: Java HotSpot(TM) 64-Bit Server VM (25.201-b09 mixed mode windows-amd64 compressed oops)
Heap:
 PSYoungGen      total 239104K, used 1630K [0x00000000d5f80000, 0x00000000e5c00000, 0x0000000100000000)
  eden space 220160K, 0% used [0x00000000d5f80000,0x00000000d5f80000,0x00000000e3680000)
  from space 18944K, 8% used [0x00000000e3700000,0x00000000e3897928,0x00000000e4980000)
  to   space 12800K, 0% used [0x00000000e4f80000,0x00000000e4f80000,0x00000000e5c00000)
 ParOldGen       total 107008K, used 21636K [0x0000000081e00000, 0x0000000088680000, 0x00000000d5f80000)
  object space 107008K, 20% used [0x0000000081e00000,0x0000000083321300,0x0000000088680000)
 Metaspace       used 57443K, capacity 60398K, committed 60632K, reserved 1105920K
  class space    used 7821K, capacity 8337K, committed 8448K, reserved 1048576K
GC Heap History (10 events):
Event: 3.468 GC heap after
Heap after GC invocations=10 (full 2):
 PSYoungGen      total 183808K, used 0K [0x00000000d5f80000, 0x00000000e3b80000, 0x0000000100000000)
  eden space 171520K, 0% used [0x00000000d5f80000,0x00000000d5f80000,0x00000000e0700000)
  from space 12288K, 0% used [0x00000000e1400000,0x00000000e1400000,0x00000000e2000000)
  to   space 13312K, 0% used [0x00000000e0700000,0x00000000e0700000,0x00000000e1400000)
 ParOldGen       total 79360K, used 13430K [0x0000000081e00000, 0x0000000086b80000, 0x00000000d5f80000)
  object space 79360K, 16% used [0x0000000081e00000,0x0000000082b1da08,0x0000000086b80000)
 Metaspace       used 33470K, capacity 35322K, committed 35416K, reserved 1079296K
  class space    used 4336K, capacity 4658K, committed 4736K, reserved 1048576K
}
Event: 5.295 GC heap before
{Heap before GC invocations=11 (full 2):
 PSYoungGen      total 183808K, used 171520K [0x00000000d5f80000, 0x00000000e3b80000, 0x0000000100000000)
  eden space 171520K, 100% used [0x00000000d5f80000,0x00000000e0700000,0x00000000e0700000)
  from space 12288K, 0% used [0x00000000e1400000,0x00000000e1400000,0x00000000e2000000)
  to   space 13312K, 0% used [0x00000000e0700000,0x00000000e0700000,0x00000000e1400000)
 ParOldGen       total 79360K, used 13430K [0x0000000081e00000, 0x0000000086b80000, 0x00000000d5f80000)
  object space 79360K, 16% used [0x0000000081e00000,0x0000000082b1da08,0x0000000086b80000)
 Metaspace       used 51598K, capacity 54220K, committed 54360K, reserved 1095680K
  class space    used 7043K, capacity 7524K, committed 7552K, reserved 1048576K
Event: 5.320 GC heap after
Heap after GC invocations=11 (full 2):
 PSYoungGen      total 184832K, used 13291K [0x00000000d5f80000, 0x00000000e6180000, 0x0000000100000000)
  eden space 171520K, 0% used [0x00000000d5f80000,0x00000000d5f80000,0x00000000e0700000)
  from space 13312K, 99% used [0x00000000e0700000,0x00000000e13faec8,0x00000000e1400000)
  to   space 18432K, 0% used [0x00000000e4f80000,0x00000000e4f80000,0x00000000e6180000)
 ParOldGen       total 79360K, used 21247K [0x0000000081e00000, 0x0000000086b80000, 0x00000000d5f80000)
  object space 79360K, 26% used [0x0000000081e00000,0x00000000832bfe90,0x0000000086b80000)
 Metaspace       used 51598K, capacity 54220K, committed 54360K, reserved 1095680K
  class space    used 7043K, capacity 7524K, committed 7552K, reserved 1048576K
}
Event: 140.876 GC heap before
{Heap before GC invocations=12 (full 2):
 PSYoungGen      total 184832K, used 73963K [0x00000000d5f80000, 0x00000000e6180000, 0x0000000100000000)
  eden space 171520K, 35% used [0x00000000d5f80000,0x00000000d9ac00d8,0x00000000e0700000)
  from space 13312K, 99% used [0x00000000e0700000,0x00000000e13faec8,0x00000000e1400000)
  to   space 18432K, 0% used [0x00000000e4f80000,0x00000000e4f80000,0x00000000e6180000)
 ParOldGen       total 79360K, used 21247K [0x0000000081e00000, 0x0000000086b80000, 0x00000000d5f80000)
  object space 79360K, 26% used [0x0000000081e00000,0x00000000832bfe90,0x0000000086b80000)
 Metaspace       used 55964K, capacity 58924K, committed 59028K, reserved 1099776K
  class space    used 7634K, capacity 8144K, committed 8192K, reserved 1048576K
Event: 140.886 GC heap after
Heap after GC invocations=12 (full 2):
 PSYoungGen      total 232960K, used 12334K [0x00000000d5f80000, 0x00000000e5c00000, 0x0000000100000000)
  eden space 220160K, 0% used [0x00000000d5f80000,0x00000000d5f80000,0x00000000e3680000)
  from space 12800K, 96% used [0x00000000e4f80000,0x00000000e5b8b9d8,0x00000000e5c00000)
  to   space 18944K, 0% used [0x00000000e3700000,0x00000000e3700000,0x00000000e4980000)
 ParOldGen       total 79360K, used 21255K [0x0000000081e00000, 0x0000000086b80000, 0x00000000d5f80000)
  object space 79360K, 26% used [0x0000000081e00000,0x00000000832c1e90,0x0000000086b80000)
 Metaspace       used 55964K, capacity 58924K, committed 59028K, reserved 1099776K
  class space    used 7634K, capacity 8144K, committed 8192K, reserved 1048576K
}
Event: 140.886 GC heap before
{Heap before GC invocations=13 (full 3):
 PSYoungGen      total 232960K, used 12334K [0x00000000d5f80000, 0x00000000e5c00000, 0x0000000100000000)
  eden space 220160K, 0% used [0x00000000d5f80000,0x00000000d5f80000,0x00000000e3680000)
  from space 12800K, 96% used [0x00000000e4f80000,0x00000000e5b8b9d8,0x00000000e5c00000)
  to   space 18944K, 0% used [0x00000000e3700000,0x00000000e3700000,0x00000000e4980000)
 ParOldGen       total 79360K, used 21255K [0x0000000081e00000, 0x0000000086b80000, 0x00000000d5f80000)
  object space 79360K, 26% used [0x0000000081e00000,0x00000000832c1e90,0x0000000086b80000)
 Metaspace       used 55964K, capacity 58924K, committed 59028K, reserved 1099776K
  class space    used 7634K, capacity 8144K, committed 8192K, reserved 1048576K
Event: 140.979 GC heap after
Heap after GC invocations=13 (full 3):
 PSYoungGen      total 232960K, used 0K [0x00000000d5f80000, 0x00000000e5c00000, 0x0000000100000000)
  eden space 220160K, 0% used [0x00000000d5f80000,0x00000000d5f80000,0x00000000e3680000)
  from space 12800K, 0% used [0x00000000e4f80000,0x00000000e4f80000,0x00000000e5c00000)
  to   space 18944K, 0% used [0x00000000e3700000,0x00000000e3700000,0x00000000e4980000)
 ParOldGen       total 107008K, used 21628K [0x0000000081e00000, 0x0000000088680000, 0x00000000d5f80000)
  object space 107008K, 20% used [0x0000000081e00000,0x000000008331f300,0x0000000088680000)
 Metaspace       used 55961K, capacity 58918K, committed 59028K, reserved 1099776K
  class space    used 7634K, capacity 8143K, committed 8192K, reserved 1048576K
}
Event: 146.100 GC heap before
{Heap before GC invocations=14 (full 3):
 PSYoungGen      total 232960K, used 17915K [0x00000000d5f80000, 0x00000000e5c00000, 0x0000000100000000)
  eden space 220160K, 8% used [0x00000000d5f80000,0x00000000d70fef78,0x00000000e3680000)
  from space 12800K, 0% used [0x00000000e4f80000,0x00000000e4f80000,0x00000000e5c00000)
  to   space 18944K, 0% used [0x00000000e3700000,0x00000000e3700000,0x00000000e4980000)
 ParOldGen       total 107008K, used 21628K [0x0000000081e00000, 0x0000000088680000, 0x00000000d5f80000)
  object space 107008K, 20% used [0x0000000081e00000,0x000000008331f300,0x0000000088680000)
 Metaspace       used 57443K, capacity 60398K, committed 60632K, reserved 1105920K
  class space    used 7821K, capacity 8337K, committed 8448K, reserved 1048576K
Event: 146.103 GC heap after
Heap after GC invocations=14 (full 3):
 PSYoungGen      total 239104K, used 1630K [0x00000000d5f80000, 0x00000000e5c00000, 0x0000000100000000)
  eden space 220160K, 0% used [0x00000000d5f80000,0x00000000d5f80000,0x00000000e3680000)
  from space 18944K, 8% used [0x00000000e3700000,0x00000000e3897928,0x00000000e4980000)
  to   space 12800K, 0% used [0x00000000e4f80000,0x00000000e4f80000,0x00000000e5c00000)
 ParOldGen       total 107008K, used 21636K [0x0000000081e00000, 0x0000000088680000, 0x00000000d5f80000)
  object space 107008K, 20% used [0x0000000081e00000,0x0000000083321300,0x0000000088680000)
 Metaspace       used 57443K, capacity 60398K, committed 60632K, reserved 1105920K
  class space    used 7821K, capacity 8337K, committed 8448K, reserved 1048576K
}
Event: 146.103 GC heap before
{Heap before GC invocations=15 (full 4):
 PSYoungGen      total 239104K, used 1630K [0x00000000d5f80000, 0x00000000e5c00000, 0x0000000100000000)
  eden space 220160K, 0% used [0x00000000d5f80000,0x00000000d5f80000,0x00000000e3680000)
  from space 18944K, 8% used [0x00000000e3700000,0x00000000e3897928,0x00000000e4980000)
  to   space 12800K, 0% used [0x00000000e4f80000,0x00000000e4f80000,0x00000000e5c00000)
 ParOldGen       total 107008K, used 21636K [0x0000000081e00000, 0x0000000088680000, 0x00000000d5f80000)
  object space 107008K, 20% used [0x0000000081e00000,0x0000000083321300,0x0000000088680000)
 Metaspace       used 57443K, capacity 60398K, committed 60632K, reserved 1105920K
  class space    used 7821K, capacity 8337K, committed 8448K, reserved 1048576K

